[14:10:58] This is prokka 1.12
[14:10:58] Written by Torsten Seemann <torsten.seemann@gmail.com>
[14:10:58] Homepage is https://github.com/tseemann/prokka
[14:10:58] Local time is Thu Jun 13 14:10:58 2024
[14:10:58] You are TongqingWei
[14:10:58] Operating system is linux
[14:10:58] You have BioPerl 1.006924
[14:10:58] System has 40 cores.
[14:10:58] Will use maximum of 8 cores.
[14:10:58] Annotating as >>> Bacteria <<<
[14:10:58] Generating locus_tag from './example_host/NZ_GG697149.2.fasta' contents.
[14:10:58] Setting --locustag ALPHOKDO from MD5 a59184d8a4c1e7f31759636b6f39e4d4
[14:10:58] Creating new output folder: ./example_host_annotation/prokka_NZ_GG697149
[14:10:58] Running: mkdir -p \.\/example_host_annotation\/prokka_NZ_GG697149
[14:10:58] Using filename prefix: NZ_GG697149.XXX
[14:10:58] Setting HMMER_NCPU=1
[14:10:58] Writing log to: ./example_host_annotation/prokka_NZ_GG697149/NZ_GG697149.log
[14:10:58] Command: /bios-store1/software/anaconda3/bin/prokka ./example_host/NZ_GG697149.2.fasta --outdir ./example_host_annotation/prokka_NZ_GG697149 --prefix NZ_GG697149
[14:10:58] Appending to PATH: /bios-store1/software/anaconda3/bin
[14:10:58] Looking for 'aragorn' - found /bios-store1/software/anaconda3/bin/aragorn
[14:10:58] Determined aragorn version is 1.2
[14:10:58] Looking for 'barrnap' - found /bios-store1/software/anaconda3/bin/barrnap
[14:10:58] Determined barrnap version is 0.9
[14:10:58] Looking for 'blastp' - found /bios-store1/software/anaconda3/bin/blastp
[14:10:58] Determined blastp version is 2.5
[14:10:58] Looking for 'cmpress' - found /bios-store1/software/anaconda3/bin/cmpress
[14:10:58] Determined cmpress version is 1.1
[14:10:58] Looking for 'cmscan' - found /bios-store1/software/anaconda3/bin/cmscan
[14:10:58] Determined cmscan version is 1.1
[14:10:58] Looking for 'egrep' - found /bios-store1/software/bin/egrep
[14:10:58] Looking for 'find' - found /usr/bin/find
[14:10:58] Looking for 'grep' - found /bios-store1/software/bin/grep
[14:10:58] Looking for 'hmmpress' - found /bios-store1/software/anaconda3/bin/hmmpress
[14:10:58] Determined hmmpress version is 3.3
[14:10:58] Looking for 'hmmscan' - found /bios-store1/software/anaconda3/bin/hmmscan
[14:10:58] Determined hmmscan version is 3.3
[14:10:58] Looking for 'java' - found /bios-store1/software/anaconda3/bin/java
[14:10:58] Looking for 'less' - found /usr/bin/less
[14:10:58] Looking for 'makeblastdb' - found /bios-store1/software/anaconda3/bin/makeblastdb
[14:10:58] Determined makeblastdb version is 2.5
[14:10:58] Looking for 'minced' - found /bios-store1/software/anaconda3/bin/minced
[14:10:59] Determined minced version is 4.2
[14:10:59] Looking for 'parallel' - found /bios-store1/software/anaconda3/bin/parallel
[14:10:59] Determined parallel version is 20170422
[14:10:59] Looking for 'prodigal' - found /bios-store1/software/anaconda3/bin/prodigal
[14:10:59] Determined prodigal version is 2.6
[14:10:59] Looking for 'prokka-genbank_to_fasta_db' - found /bios-store1/software/anaconda3/bin/prokka-genbank_to_fasta_db
[14:10:59] Looking for 'sed' - found /bios-store1/software/bin/sed
[14:10:59] Looking for 'tbl2asn' - found /bios-store1/software/anaconda3/bin/tbl2asn
[14:10:59] Determined tbl2asn version is 25.8
[14:10:59] Using genetic code table 11.
[14:10:59] Loading and checking input file: ./example_host/NZ_GG697149.2.fasta
[14:10:59] Wrote 1 contigs totalling 639232 bp.
[14:10:59] Predicting tRNAs and tmRNAs
[14:10:59] Running: aragorn -l -gc11  -w \.\/example_host_annotation\/prokka_NZ_GG697149\/NZ_GG697149\.fna
[14:10:59] 1 tRNA-Ser c[137244,137334] 36 (cga)
[14:10:59] 2 tRNA-Arg c[186815,186891] 35 (acg)
[14:10:59] 3 tRNA-Glu c[244593,244667] 34 (ttc)
[14:10:59] 4 tRNA-Met c[244759,244835] 35 (cat)
[14:10:59] 5 tRNA-Arg [281455,281530] 36 (ccg)
[14:10:59] 6 tRNA-Met [329702,329778] 35 (cat)
[14:10:59] 7 tRNA-Tyr c[361188,361273] 35 (gta)
[14:10:59] 8 tRNA-Leu c[362910,362996] 35 (cag)
[14:10:59] 9 tRNA-Lys c[402237,402312] 34 (ttt)
[14:10:59] 10 tRNA-Ile c[615710,615786] 35 (gat)
[14:10:59] 11 tRNA-Ala c[615790,615865] 34 (tgc)
[14:10:59] 12 tRNA-Ala c[616021,616096] 34 (tgc)
[14:10:59] Found 12 tRNAs
[14:10:59] Predicting Ribosomal RNAs
[14:10:59] Running Barrnap with 8 threads
[14:11:00] 1 NZ_GG697149.2 284377 16S ribosomal RNA (partial)
[14:11:00] 2 NZ_GG697149.2 612419 5S ribosomal RNA
[14:11:00] 3 NZ_GG697149.2 612753 23S ribosomal RNA
[14:11:00] 4 NZ_GG697149.2 616224 16S ribosomal RNA
[14:11:00] Found 4 rRNAs
[14:11:00] Skipping ncRNA search, enable with --rfam if desired.
[14:11:00] Total of 16 tRNA + rRNA features
[14:11:00] Searching for CRISPR repeats
[14:11:00] Found 0 CRISPRs
[14:11:00] Predicting coding sequences
[14:11:00] Contigs total 639232 bp, so using single mode
[14:11:00] Running: prodigal -i \.\/example_host_annotation\/prokka_NZ_GG697149\/NZ_GG697149\.fna -c -m -g 11 -p single -f sco -q
[14:11:02] Found 580 CDS
[14:11:02] Connecting features back to sequences
[14:11:02] Not using genus-specific database. Try --usegenus to enable it.
[14:11:02] Annotating CDS, please be patient.
[14:11:02] Will use 8 CPUs for similarity searching.
[14:11:02] There are still 580 unannotated CDS left (started with 580)
[14:11:02] Will use blast to search against /bios-store1/software/anaconda3/bin/../db/kingdom/Bacteria/sprot with 8 CPUs
[14:11:02] Running: cat \.\/example_host_annotation\/prokka_NZ_GG697149\/sprot\.faa | parallel --gnu --plain -j 8 --block 11502 --recstart '>' --pipe blastp -query - -db /bios-store1/software/anaconda3/bin/../db/kingdom/Bacteria/sprot -evalue 1e-06 -num_threads 1 -num_descriptions 1 -num_alignments 1 -seg no > \.\/example_host_annotation\/prokka_NZ_GG697149\/sprot\.blast 2> /dev/null
[14:11:09] Modify product: Probable M18 family aminopeptidase 2 => putative M18 family aminopeptidase 2
[14:11:09] Modify product: Probable FMN/FAD exporter YeeO => putative FMN/FAD exporter YeeO
[14:11:09] Modify product: Probable FMN/FAD exporter YeeO => putative FMN/FAD exporter YeeO
[14:11:09] Modify product: Uncharacterized ABC transporter ATP-binding protein YxlF => putative ABC transporter ATP-binding protein YxlF
[14:11:09] Modify product: Phosphate-specific transport system accessory protein PhoU homolog => Phosphate-specific transport system accessory protein PhoU 
[14:11:09] Modify product: Phosphate-specific transport system accessory protein PhoU homolog => Phosphate-specific transport system accessory protein PhoU 
[14:11:09] Modify product: Phosphorylated carbohydrates phosphatase TM_1254 => Phosphorylated carbohydrates phosphatase
[14:11:09] Modify product: Uncharacterized glycosyltransferase EpsJ => putative glycosyltransferase EpsJ
[14:11:09] Modify product: Aminopeptidase HP_1037 => Aminopeptidase
[14:11:09] Modify product: Transcriptional repressor SmtB homolog => Transcriptional repressor SmtB 
[14:11:09] Modify product: Probable ABC transporter-binding protein DR_1438 => putative ABC transporter-binding protein
[14:11:09] Modify product: Uncharacterized response regulatory protein SA0215 => putative response regulatory protein
[14:11:09] Modify product: Glucuronide carrier protein homolog => Glucuronide carrier protein 
[14:11:09] Modify product: Uncharacterized oxidoreductase HI_0048 => putative oxidoreductase
[14:11:09] Modify product: Probable manganese efflux pump MntP => putative manganese efflux pump MntP
[14:11:09] Modify product: DegV domain-containing protein SA1258 => DegV domain-containing protein
[14:11:09] Modify product: Probable cardiolipin synthase YwiE => putative cardiolipin synthase YwiE
[14:11:09] Modify product: Uncharacterized MFS-type transporter Rv0037c => putative MFS-type transporter
[14:11:09] Modify product: Uncharacterized ABC transporter ATP-binding protein TM_0288 => putative ABC transporter ATP-binding protein
[14:11:09] Modify product: Uncharacterized ABC transporter ATP-binding protein Rv1273c => putative ABC transporter ATP-binding protein
[14:11:09] Modify product: Probable type I restriction enzyme BthVORF4518P M protein => putative type I restriction enzymeP M protein
[14:11:09] Modify product: Uncharacterized glycosyltransferase EpsJ => putative glycosyltransferase EpsJ
[14:11:09] Modify product: Uncharacterized HTH-type transcriptional regulator Rv0474 => putative HTH-type transcriptional regulator
[14:11:09] Modify product: Uncharacterized glycosyltransferase YkoT => putative glycosyltransferase YkoT
[14:11:09] Modify product: Putative phosphatase M6_Spy0533 => Putative phosphatase
[14:11:09] Modify product: Uncharacterized transporter Rv2685 => putative transporter
[14:11:09] Modify product: Probable peptidoglycan glycosyltransferase FtsW => putative peptidoglycan glycosyltransferase FtsW
[14:11:09] Modify product: DegV domain-containing protein MW1315 => DegV domain-containing protein
[14:11:09] Cleaned 28 /product names
[14:11:09] Deleting unwanted file: ./example_host_annotation/prokka_NZ_GG697149/sprot.faa
[14:11:09] Deleting unwanted file: ./example_host_annotation/prokka_NZ_GG697149/sprot.blast
[14:11:09] There are still 274 unannotated CDS left (started with 580)
[14:11:09] Will use hmmer3 to search against /bios-store1/software/anaconda3/bin/../db/hmm/HAMAP.hmm with 8 CPUs
[14:11:09] Running: cat \.\/example_host_annotation\/prokka_NZ_GG697149\/HAMAP\.hmm\.faa | parallel --gnu --plain -j 8 --block 4503 --recstart '>' --pipe hmmscan --noali --notextw --acc -E 1e-06 --cpu 1 /bios-store1/software/anaconda3/bin/../db/hmm/HAMAP.hmm /dev/stdin > \.\/example_host_annotation\/prokka_NZ_GG697149\/HAMAP\.hmm\.hmmer3 2> /dev/null
[14:11:13] Deleting unwanted file: ./example_host_annotation/prokka_NZ_GG697149/HAMAP.hmm.faa
[14:11:13] Deleting unwanted file: ./example_host_annotation/prokka_NZ_GG697149/HAMAP.hmm.hmmer3
[14:11:13] Labelling remaining 257 proteins as 'hypothetical protein'
[14:11:13] Possible /pseudo 'Phosphate-specific transport system accessory protein PhoU ' at NZ_GG697149.2 position 85080
[14:11:13] Possible /pseudo 'DNA polymerase III subunit beta' at NZ_GG697149.2 position 229387
[14:11:13] Possible /pseudo 'Trk system potassium uptake protein TrkA' at NZ_GG697149.2 position 249082
[14:11:13] Possible /pseudo 'putative ABC transporter ATP-binding protein' at NZ_GG697149.2 position 366358
[14:11:13] Possible /pseudo 'Putative lipoprotein YerB' at NZ_GG697149.2 position 403852
[14:11:13] Possible /pseudo 'Histidinol dehydrogenase' at NZ_GG697149.2 position 417543
[14:11:13] Found 262 unique /gene codes.
[14:11:13] Fixed 2 duplicate /gene - tig_1 tig_2
[14:11:13] Fixed 2 duplicate /gene - trkA_1 trkA_2
[14:11:13] Fixed 2 duplicate /gene - plsC_1 plsC_2
[14:11:13] Fixed 2 duplicate /gene - dnaN_1 dnaN_2
[14:11:13] Fixed 2 duplicate /gene - spo0C_1 spo0C_2
[14:11:13] Fixed 6 duplicate /gene - mepA_1 mepA_2 mepA_3 mepA_4 mepA_5 mepA_6
[14:11:13] Fixed 2 duplicate /gene - phoU_1 phoU_2
[14:11:13] Fixed 2 duplicate /gene - hisD_1 hisD_2
[14:11:13] Fixed 2 duplicate /gene - pyrE_1 pyrE_2
[14:11:13] Fixed 2 duplicate /gene - patA_1 patA_2
[14:11:13] Fixed 3 duplicate /gene - topB_1 topB_2 topB_3
[14:11:13] Fixed 2 duplicate /gene - Int-Tn_1 Int-Tn_2
[14:11:13] Fixed 4 duplicate /gene - immR_1 immR_2 immR_3 immR_4
[14:11:13] Fixed 2 duplicate /gene - sigA_1 sigA_2
[14:11:13] Fixed 2 duplicate /gene - cobC_1 cobC_2
[14:11:13] Fixed 2 duplicate /gene - epsJ_1 epsJ_2
[14:11:13] Fixed 2 duplicate /gene - pepV_1 pepV_2
[14:11:13] Fixed 2 duplicate /gene - argF_1 argF_2
[14:11:13] Fixed 4 duplicate /gene - xerC_1 xerC_2 xerC_3 xerC_4
[14:11:13] Fixed 3 duplicate /gene - dnaG_1 dnaG_2 dnaG_3
[14:11:13] Fixed 2 duplicate /gene - yerB_1 yerB_2
[14:11:13] Fixed 2 duplicate /gene - mobA_1 mobA_2
[14:11:13] Fixed 2 duplicate /gene - yeeO_1 yeeO_2
[14:11:13] Fixed 2 duplicate /gene - ptsI_1 ptsI_2
[14:11:13] Fixed 2 duplicate /gene - cmk_1 cmk_2
[14:11:13] Fixed 2 duplicate /gene - rsmH_1 rsmH_2
[14:11:13] Fixed 26 colliding /gene names.
[14:11:13] Adding /locus_tag identifiers
[14:11:13] Assigned 596 locus_tags to CDS and RNA features.
[14:11:13] Writing outputs to ./example_host_annotation/prokka_NZ_GG697149/
[14:11:14] Generating annotation statistics file
[14:11:14] Generating Genbank and Sequin files
[14:11:14] Running: tbl2asn -V b -a r10k -l paired-ends -M n -N 1 -y 'Annotated using prokka 1.12 from https://github.com/tseemann/prokka' -Z \.\/example_host_annotation\/prokka_NZ_GG697149\/NZ_GG697149\.err -i \.\/example_host_annotation\/prokka_NZ_GG697149\/NZ_GG697149\.fsa 2> /dev/null
[14:11:15] Deleting unwanted file: ./example_host_annotation/prokka_NZ_GG697149/errorsummary.val
[14:11:15] Deleting unwanted file: ./example_host_annotation/prokka_NZ_GG697149/NZ_GG697149.dr
[14:11:15] Deleting unwanted file: ./example_host_annotation/prokka_NZ_GG697149/NZ_GG697149.fixedproducts
[14:11:15] Deleting unwanted file: ./example_host_annotation/prokka_NZ_GG697149/NZ_GG697149.ecn
[14:11:15] Deleting unwanted file: ./example_host_annotation/prokka_NZ_GG697149/NZ_GG697149.val
[14:11:15] Repairing broken .GBK output that tbl2asn produces...
[14:11:15] Running: sed 's/COORDINATES: profile/COORDINATES:profile/' < \.\/example_host_annotation\/prokka_NZ_GG697149\/NZ_GG697149\.gbf > \.\/example_host_annotation\/prokka_NZ_GG697149\/NZ_GG697149\.gbk
[14:11:15] Deleting unwanted file: ./example_host_annotation/prokka_NZ_GG697149/NZ_GG697149.gbf
[14:11:15] Output files:
[14:11:15] ./example_host_annotation/prokka_NZ_GG697149/NZ_GG697149.log
[14:11:15] ./example_host_annotation/prokka_NZ_GG697149/NZ_GG697149.fna
[14:11:15] ./example_host_annotation/prokka_NZ_GG697149/NZ_GG697149.gff
[14:11:15] ./example_host_annotation/prokka_NZ_GG697149/NZ_GG697149.faa
[14:11:15] ./example_host_annotation/prokka_NZ_GG697149/NZ_GG697149.ffn
[14:11:15] ./example_host_annotation/prokka_NZ_GG697149/NZ_GG697149.tbl
[14:11:15] ./example_host_annotation/prokka_NZ_GG697149/NZ_GG697149.fsa
[14:11:15] ./example_host_annotation/prokka_NZ_GG697149/NZ_GG697149.tsv
[14:11:15] ./example_host_annotation/prokka_NZ_GG697149/NZ_GG697149.txt
[14:11:15] ./example_host_annotation/prokka_NZ_GG697149/NZ_GG697149.sqn
[14:11:15] ./example_host_annotation/prokka_NZ_GG697149/NZ_GG697149.err
[14:11:15] ./example_host_annotation/prokka_NZ_GG697149/NZ_GG697149.gbk
[14:11:15] Annotation finished successfully.
[14:11:15] Walltime used: 0.28 minutes
[14:11:15] If you use this result please cite the Prokka paper:
[14:11:15] Seemann T (2014) Prokka: rapid prokaryotic genome annotation. Bioinformatics. 30(14):2068-9.
[14:11:15] Type 'prokka --citation' for more details.
[14:11:15] Share and enjoy!
