[14:02:20] This is prokka 1.12
[14:02:20] Written by Torsten Seemann <torsten.seemann@gmail.com>
[14:02:20] Homepage is https://github.com/tseemann/prokka
[14:02:20] Local time is Thu Jun 13 14:02:20 2024
[14:02:20] You are TongqingWei
[14:02:20] Operating system is linux
[14:02:20] You have BioPerl 1.006924
[14:02:20] System has 40 cores.
[14:02:20] Will use maximum of 8 cores.
[14:02:20] Annotating as >>> Bacteria <<<
[14:02:20] Generating locus_tag from './example_host/GL538315.1.fasta' contents.
[14:02:20] Setting --locustag CDBOEMCK from MD5 cdb8e6c4d922d28cdf2dda5ff8cfaa3b
[14:02:20] Creating new output folder: ./example_host_annotation/prokka_GL538315
[14:02:20] Running: mkdir -p \.\/example_host_annotation\/prokka_GL538315
[14:02:20] Using filename prefix: GL538315.XXX
[14:02:20] Setting HMMER_NCPU=1
[14:02:20] Writing log to: ./example_host_annotation/prokka_GL538315/GL538315.log
[14:02:20] Command: /bios-store1/software/anaconda3/bin/prokka ./example_host/GL538315.1.fasta --outdir ./example_host_annotation/prokka_GL538315 --prefix GL538315
[14:02:20] Appending to PATH: /bios-store1/software/anaconda3/bin
[14:02:20] Looking for 'aragorn' - found /bios-store1/software/anaconda3/bin/aragorn
[14:02:20] Determined aragorn version is 1.2
[14:02:20] Looking for 'barrnap' - found /bios-store1/software/anaconda3/bin/barrnap
[14:02:20] Determined barrnap version is 0.9
[14:02:20] Looking for 'blastp' - found /bios-store1/software/anaconda3/bin/blastp
[14:02:20] Determined blastp version is 2.5
[14:02:20] Looking for 'cmpress' - found /bios-store1/software/anaconda3/bin/cmpress
[14:02:20] Determined cmpress version is 1.1
[14:02:20] Looking for 'cmscan' - found /bios-store1/software/anaconda3/bin/cmscan
[14:02:20] Determined cmscan version is 1.1
[14:02:20] Looking for 'egrep' - found /bios-store1/software/bin/egrep
[14:02:20] Looking for 'find' - found /usr/bin/find
[14:02:20] Looking for 'grep' - found /bios-store1/software/bin/grep
[14:02:20] Looking for 'hmmpress' - found /bios-store1/software/anaconda3/bin/hmmpress
[14:02:20] Determined hmmpress version is 3.3
[14:02:20] Looking for 'hmmscan' - found /bios-store1/software/anaconda3/bin/hmmscan
[14:02:20] Determined hmmscan version is 3.3
[14:02:20] Looking for 'java' - found /bios-store1/software/anaconda3/bin/java
[14:02:20] Looking for 'less' - found /usr/bin/less
[14:02:20] Looking for 'makeblastdb' - found /bios-store1/software/anaconda3/bin/makeblastdb
[14:02:20] Determined makeblastdb version is 2.5
[14:02:20] Looking for 'minced' - found /bios-store1/software/anaconda3/bin/minced
[14:02:21] Determined minced version is 4.2
[14:02:21] Looking for 'parallel' - found /bios-store1/software/anaconda3/bin/parallel
[14:02:21] Determined parallel version is 20170422
[14:02:21] Looking for 'prodigal' - found /bios-store1/software/anaconda3/bin/prodigal
[14:02:21] Determined prodigal version is 2.6
[14:02:21] Looking for 'prokka-genbank_to_fasta_db' - found /bios-store1/software/anaconda3/bin/prokka-genbank_to_fasta_db
[14:02:21] Looking for 'sed' - found /bios-store1/software/bin/sed
[14:02:21] Looking for 'tbl2asn' - found /bios-store1/software/anaconda3/bin/tbl2asn
[14:02:21] Determined tbl2asn version is 25.8
[14:02:21] Using genetic code table 11.
[14:02:21] Loading and checking input file: ./example_host/GL538315.1.fasta
[14:02:21] Wrote 1 contigs totalling 279289 bp.
[14:02:21] Predicting tRNAs and tmRNAs
[14:02:21] Running: aragorn -l -gc11  -w \.\/example_host_annotation\/prokka_GL538315\/GL538315\.fna
[14:02:21] 1 tRNA-Pro [38702,38779] 36 (ggg)
[14:02:21] 2 tRNA-Thr c[102550,102625] 34 (cgt)
[14:02:21] 3 tmRNA c[108241,108591] 92,124 DNNNSQLLAA*
[14:02:21] 4 tRNA-Trp [143159,143235] 35 (cca)
[14:02:21] 5 tRNA-Gln [270054,270127] 33 (ctg)
[14:02:21] Found 5 tRNAs
[14:02:21] Predicting Ribosomal RNAs
[14:02:21] Running Barrnap with 8 threads
[14:02:21] Found 0 rRNAs
[14:02:21] Skipping ncRNA search, enable with --rfam if desired.
[14:02:21] Total of 4 tRNA + rRNA features
[14:02:21] Searching for CRISPR repeats
[14:02:21] Found 0 CRISPRs
[14:02:21] Predicting coding sequences
[14:02:21] Contigs total 279289 bp, so using single mode
[14:02:21] Running: prodigal -i \.\/example_host_annotation\/prokka_GL538315\/GL538315\.fna -c -m -g 11 -p single -f sco -q
[14:02:22] Found 265 CDS
[14:02:22] Connecting features back to sequences
[14:02:22] Not using genus-specific database. Try --usegenus to enable it.
[14:02:22] Annotating CDS, please be patient.
[14:02:22] Will use 8 CPUs for similarity searching.
[14:02:22] There are still 265 unannotated CDS left (started with 265)
[14:02:22] Will use blast to search against /bios-store1/software/anaconda3/bin/../db/kingdom/Bacteria/sprot with 8 CPUs
[14:02:22] Running: cat \.\/example_host_annotation\/prokka_GL538315\/sprot\.faa | parallel --gnu --plain -j 8 --block 5294 --recstart '>' --pipe blastp -query - -db /bios-store1/software/anaconda3/bin/../db/kingdom/Bacteria/sprot -evalue 1e-06 -num_threads 1 -num_descriptions 1 -num_alignments 1 -seg no > \.\/example_host_annotation\/prokka_GL538315\/sprot\.blast 2> /dev/null
[14:02:26] Modify product: Uncharacterized AAA domain-containing protein Rv2559c => putative AAA domain-containing protein
[14:02:26] Modify product: Nucleoid-associated protein Cthe_2143 => Nucleoid-associated protein
[14:02:26] Modify product: Uncharacterized HTH-type transcriptional regulator HI_0186 => putative HTH-type transcriptional regulator
[14:02:26] Modify product: Uncharacterized protease YdcP => putative protease YdcP
[14:02:26] Modify product: Probable amino-acid-binding protein YxeM => putative amino-acid-binding protein YxeM
[14:02:26] Modify product: Probable FMN/FAD exporter YeeO => putative FMN/FAD exporter YeeO
[14:02:26] Modify product: Putative aminotransferase MSMEG_6286/MSMEI_6121 => Putative aminotransferase/MSMEI_6121
[14:02:26] Modify product: Bifunctional protein FolD => Bifunctional protein FolD protein
[14:02:26] Modify product: Probable ATP-dependent helicase DinG homolog => putative ATP-dependent helicase DinG 
[14:02:26] Modify product: N utilization substance protein B homolog => N utilization substance protein B 
[14:02:26] Modify product: Probable xanthine dehydrogenase subunit A => putative xanthine dehydrogenase subunit A
[14:02:26] Cleaned 11 /product names
[14:02:26] Deleting unwanted file: ./example_host_annotation/prokka_GL538315/sprot.faa
[14:02:26] Deleting unwanted file: ./example_host_annotation/prokka_GL538315/sprot.blast
[14:02:26] There are still 136 unannotated CDS left (started with 265)
[14:02:26] Will use hmmer3 to search against /bios-store1/software/anaconda3/bin/../db/hmm/HAMAP.hmm with 8 CPUs
[14:02:26] Running: cat \.\/example_host_annotation\/prokka_GL538315\/HAMAP\.hmm\.faa | parallel --gnu --plain -j 8 --block 2039 --recstart '>' --pipe hmmscan --noali --notextw --acc -E 1e-06 --cpu 1 /bios-store1/software/anaconda3/bin/../db/hmm/HAMAP.hmm /dev/stdin > \.\/example_host_annotation\/prokka_GL538315\/HAMAP\.hmm\.hmmer3 2> /dev/null
[14:02:29] Deleting unwanted file: ./example_host_annotation/prokka_GL538315/HAMAP.hmm.faa
[14:02:29] Deleting unwanted file: ./example_host_annotation/prokka_GL538315/HAMAP.hmm.hmmer3
[14:02:29] Labelling remaining 128 proteins as 'hypothetical protein'
[14:02:29] Possible /pseudo 'Chromate transport protein' at GL538315.1 position 115351
[14:02:29] Found 124 unique /gene codes.
[14:02:29] Fixed 2 duplicate /gene - gltB_1 gltB_2
[14:02:29] Fixed 1 colliding /gene names.
[14:02:29] Adding /locus_tag identifiers
[14:02:29] Assigned 270 locus_tags to CDS and RNA features.
[14:02:29] Writing outputs to ./example_host_annotation/prokka_GL538315/
[14:02:29] Generating annotation statistics file
[14:02:29] Generating Genbank and Sequin files
[14:02:29] Running: tbl2asn -V b -a r10k -l paired-ends -M n -N 1 -y 'Annotated using prokka 1.12 from https://github.com/tseemann/prokka' -Z \.\/example_host_annotation\/prokka_GL538315\/GL538315\.err -i \.\/example_host_annotation\/prokka_GL538315\/GL538315\.fsa 2> /dev/null
[14:02:30] Deleting unwanted file: ./example_host_annotation/prokka_GL538315/errorsummary.val
[14:02:30] Deleting unwanted file: ./example_host_annotation/prokka_GL538315/GL538315.dr
[14:02:30] Deleting unwanted file: ./example_host_annotation/prokka_GL538315/GL538315.fixedproducts
[14:02:30] Deleting unwanted file: ./example_host_annotation/prokka_GL538315/GL538315.ecn
[14:02:30] Deleting unwanted file: ./example_host_annotation/prokka_GL538315/GL538315.val
[14:02:30] Repairing broken .GBK output that tbl2asn produces...
[14:02:30] Running: sed 's/COORDINATES: profile/COORDINATES:profile/' < \.\/example_host_annotation\/prokka_GL538315\/GL538315\.gbf > \.\/example_host_annotation\/prokka_GL538315\/GL538315\.gbk
[14:02:30] Deleting unwanted file: ./example_host_annotation/prokka_GL538315/GL538315.gbf
[14:02:30] Output files:
[14:02:30] ./example_host_annotation/prokka_GL538315/GL538315.log
[14:02:30] ./example_host_annotation/prokka_GL538315/GL538315.fna
[14:02:30] ./example_host_annotation/prokka_GL538315/GL538315.gff
[14:02:30] ./example_host_annotation/prokka_GL538315/GL538315.faa
[14:02:30] ./example_host_annotation/prokka_GL538315/GL538315.ffn
[14:02:30] ./example_host_annotation/prokka_GL538315/GL538315.tbl
[14:02:30] ./example_host_annotation/prokka_GL538315/GL538315.fsa
[14:02:30] ./example_host_annotation/prokka_GL538315/GL538315.tsv
[14:02:30] ./example_host_annotation/prokka_GL538315/GL538315.txt
[14:02:30] ./example_host_annotation/prokka_GL538315/GL538315.sqn
[14:02:30] ./example_host_annotation/prokka_GL538315/GL538315.err
[14:02:30] ./example_host_annotation/prokka_GL538315/GL538315.gbk
[14:02:30] Annotation finished successfully.
[14:02:30] Walltime used: 0.17 minutes
[14:02:30] If you use this result please cite the Prokka paper:
[14:02:30] Seemann T (2014) Prokka: rapid prokaryotic genome annotation. Bioinformatics. 30(14):2068-9.
[14:02:30] Type 'prokka --citation' for more details.
[14:02:30] Thank you, come again.
