Discrepancy Report Results

Summary
FATAL: MISSING_PROTEIN_ID:67 proteins have invalid IDs.
DISC_SOURCE_QUALS_ASNDISC:strain (all present, all unique)
DISC_SOURCE_QUALS_ASNDISC:taxname (all present, all unique)
DISC_FEATURE_COUNT:CDS: 67 present
DISC_COUNT_NUCLEOTIDES:1 nucleotide Bioseqs are present
FEATURE_LOCATION_CONFLICT:67 features have inconsistent gene locations.
DISC_QUALITY_SCORES:Quality scores are missing on all sequences.
ONCALLER_COMMENT_PRESENT:1 comment descriptors were found (all same)
MISSING_GENOMEASSEMBLY_COMMENTS:1 bioseqs are missing GenomeAssembly structured comments
MOLTYPE_NOT_MRNA:1 molecule types are not set as mRNA.
TECHNIQUE_NOT_TSA:1 technique are not set as TSA
MISSING_STRUCTURED_COMMENT:1 sequences do not include structured comments.
MISSING_PROJECT:68 sequences do not include project.
DISC_INCONSISTENT_MOLINFO_TECH:Molinfo Technique Report (some missing, all same)


Detailed Report

FATAL: DiscRep_ALL:MISSING_PROTEIN_ID::67 proteins have invalid IDs.
./example_phage_annotation/prokka_NC_052979/NC_052979:NC_052979.1_1 (length 149)
./example_phage_annotation/prokka_NC_052979/NC_052979:NC_052979.1_2 (length 161)
./example_phage_annotation/prokka_NC_052979/NC_052979:NC_052979.1_3 (length 207)
./example_phage_annotation/prokka_NC_052979/NC_052979:NC_052979.1_4 (length 243)
./example_phage_annotation/prokka_NC_052979/NC_052979:NC_052979.1_5 (length 176)
./example_phage_annotation/prokka_NC_052979/NC_052979:NC_052979.1_6 (length 122)
./example_phage_annotation/prokka_NC_052979/NC_052979:NC_052979.1_7 (length 152)
./example_phage_annotation/prokka_NC_052979/NC_052979:NC_052979.1_8 (length 84)
./example_phage_annotation/prokka_NC_052979/NC_052979:NC_052979.1_9 (length 235)
./example_phage_annotation/prokka_NC_052979/NC_052979:NC_052979.1_10 (length 102)
./example_phage_annotation/prokka_NC_052979/NC_052979:NC_052979.1_11 (length 702)
./example_phage_annotation/prokka_NC_052979/NC_052979:NC_052979.1_12 (length 540)
./example_phage_annotation/prokka_NC_052979/NC_052979:NC_052979.1_13 (length 338)
./example_phage_annotation/prokka_NC_052979/NC_052979:NC_052979.1_14 (length 327)
./example_phage_annotation/prokka_NC_052979/NC_052979:NC_052979.1_15 (length 306)
./example_phage_annotation/prokka_NC_052979/NC_052979:NC_052979.1_16 (length 244)
./example_phage_annotation/prokka_NC_052979/NC_052979:NC_052979.1_17 (length 1271)
./example_phage_annotation/prokka_NC_052979/NC_052979:NC_052979.1_18 (length 72)
./example_phage_annotation/prokka_NC_052979/NC_052979:NC_052979.1_19 (length 78)
./example_phage_annotation/prokka_NC_052979/NC_052979:NC_052979.1_20 (length 271)
./example_phage_annotation/prokka_NC_052979/NC_052979:NC_052979.1_21 (length 562)
./example_phage_annotation/prokka_NC_052979/NC_052979:NC_052979.1_22 (length 1443)
./example_phage_annotation/prokka_NC_052979/NC_052979:NC_052979.1_23 (length 151)
./example_phage_annotation/prokka_NC_052979/NC_052979:NC_052979.1_24 (length 499)
./example_phage_annotation/prokka_NC_052979/NC_052979:NC_052979.1_25 (length 173)
./example_phage_annotation/prokka_NC_052979/NC_052979:NC_052979.1_26 (length 205)
./example_phage_annotation/prokka_NC_052979/NC_052979:NC_052979.1_27 (length 124)
./example_phage_annotation/prokka_NC_052979/NC_052979:NC_052979.1_28 (length 115)
./example_phage_annotation/prokka_NC_052979/NC_052979:NC_052979.1_29 (length 354)
./example_phage_annotation/prokka_NC_052979/NC_052979:NC_052979.1_30 (length 128)
./example_phage_annotation/prokka_NC_052979/NC_052979:NC_052979.1_31 (length 424)
./example_phage_annotation/prokka_NC_052979/NC_052979:NC_052979.1_32 (length 540)
./example_phage_annotation/prokka_NC_052979/NC_052979:NC_052979.1_33 (length 91)
./example_phage_annotation/prokka_NC_052979/NC_052979:NC_052979.1_34 (length 688)
./example_phage_annotation/prokka_NC_052979/NC_052979:NC_052979.1_35 (length 195)
./example_phage_annotation/prokka_NC_052979/NC_052979:NC_052979.1_36 (length 513)
./example_phage_annotation/prokka_NC_052979/NC_052979:NC_052979.1_37 (length 97)
./example_phage_annotation/prokka_NC_052979/NC_052979:NC_052979.1_38 (length 683)
./example_phage_annotation/prokka_NC_052979/NC_052979:NC_052979.1_39 (length 199)
./example_phage_annotation/prokka_NC_052979/NC_052979:NC_052979.1_40 (length 438)
./example_phage_annotation/prokka_NC_052979/NC_052979:NC_052979.1_41 (length 162)
./example_phage_annotation/prokka_NC_052979/NC_052979:NC_052979.1_42 (length 94)
./example_phage_annotation/prokka_NC_052979/NC_052979:NC_052979.1_43 (length 887)
./example_phage_annotation/prokka_NC_052979/NC_052979:NC_052979.1_44 (length 78)
./example_phage_annotation/prokka_NC_052979/NC_052979:NC_052979.1_45 (length 169)
./example_phage_annotation/prokka_NC_052979/NC_052979:NC_052979.1_46 (length 161)
./example_phage_annotation/prokka_NC_052979/NC_052979:NC_052979.1_47 (length 108)
./example_phage_annotation/prokka_NC_052979/NC_052979:NC_052979.1_48 (length 132)
./example_phage_annotation/prokka_NC_052979/NC_052979:NC_052979.1_49 (length 75)
./example_phage_annotation/prokka_NC_052979/NC_052979:NC_052979.1_50 (length 109)
./example_phage_annotation/prokka_NC_052979/NC_052979:NC_052979.1_51 (length 295)
./example_phage_annotation/prokka_NC_052979/NC_052979:NC_052979.1_52 (length 118)
./example_phage_annotation/prokka_NC_052979/NC_052979:NC_052979.1_53 (length 284)
./example_phage_annotation/prokka_NC_052979/NC_052979:NC_052979.1_54 (length 246)
./example_phage_annotation/prokka_NC_052979/NC_052979:NC_052979.1_55 (length 119)
./example_phage_annotation/prokka_NC_052979/NC_052979:NC_052979.1_56 (length 190)
./example_phage_annotation/prokka_NC_052979/NC_052979:NC_052979.1_57 (length 138)
./example_phage_annotation/prokka_NC_052979/NC_052979:NC_052979.1_58 (length 64)
./example_phage_annotation/prokka_NC_052979/NC_052979:NC_052979.1_59 (length 81)
./example_phage_annotation/prokka_NC_052979/NC_052979:NC_052979.1_60 (length 110)
./example_phage_annotation/prokka_NC_052979/NC_052979:NC_052979.1_61 (length 144)
./example_phage_annotation/prokka_NC_052979/NC_052979:NC_052979.1_62 (length 105)
./example_phage_annotation/prokka_NC_052979/NC_052979:NC_052979.1_63 (length 106)
./example_phage_annotation/prokka_NC_052979/NC_052979:NC_052979.1_64 (length 117)
./example_phage_annotation/prokka_NC_052979/NC_052979:NC_052979.1_65 (length 373)
./example_phage_annotation/prokka_NC_052979/NC_052979:NC_052979.1_66 (length 66)
./example_phage_annotation/prokka_NC_052979/NC_052979:NC_052979.1_67 (length 268)

DiscRep_ALL:DISC_SOURCE_QUALS_ASNDISC::strain (all present, all unique)
DiscRep_SUB:DISC_SOURCE_QUALS_ASNDISC::1 sources have unique values for strain
DiscRep_ALL:DISC_SOURCE_QUALS_ASNDISC::taxname (all present, all unique)
DiscRep_SUB:DISC_SOURCE_QUALS_ASNDISC::1 sources have unique values for taxname
DiscRep_ALL:DISC_FEATURE_COUNT::CDS: 67 present
DiscRep_ALL:DISC_COUNT_NUCLEOTIDES::1 nucleotide Bioseqs are present
./example_phage_annotation/prokka_NC_052979/NC_052979:NC_052979.1 (length 59837)

DiscRep_ALL:FEATURE_LOCATION_CONFLICT::67 features have inconsistent gene locations.
DiscRep_SUB:FEATURE_LOCATION_CONFLICT::Coding region xref gene does not exist
./example_phage_annotation/prokka_NC_052979/NC_052979:CDS	hypothetical protein	NC_052979.1:77-526	IONEPMAN_00001

DiscRep_SUB:FEATURE_LOCATION_CONFLICT::Coding region xref gene does not exist
./example_phage_annotation/prokka_NC_052979/NC_052979:CDS	hypothetical protein	NC_052979.1:523-1008	IONEPMAN_00002

DiscRep_SUB:FEATURE_LOCATION_CONFLICT::Coding region xref gene does not exist
./example_phage_annotation/prokka_NC_052979/NC_052979:CDS	hypothetical protein	NC_052979.1:1008-1631	IONEPMAN_00003

DiscRep_SUB:FEATURE_LOCATION_CONFLICT::Coding region xref gene does not exist
./example_phage_annotation/prokka_NC_052979/NC_052979:CDS	hypothetical protein	NC_052979.1:1631-2362	IONEPMAN_00004

DiscRep_SUB:FEATURE_LOCATION_CONFLICT::Coding region xref gene does not exist
./example_phage_annotation/prokka_NC_052979/NC_052979:CDS	hypothetical protein	NC_052979.1:2662-3192	IONEPMAN_00005

DiscRep_SUB:FEATURE_LOCATION_CONFLICT::Coding region xref gene does not exist
./example_phage_annotation/prokka_NC_052979/NC_052979:CDS	hypothetical protein	NC_052979.1:3192-3560	IONEPMAN_00006

DiscRep_SUB:FEATURE_LOCATION_CONFLICT::Coding region xref gene does not exist
./example_phage_annotation/prokka_NC_052979/NC_052979:CDS	hypothetical protein	NC_052979.1:3560-4018	IONEPMAN_00007

DiscRep_SUB:FEATURE_LOCATION_CONFLICT::Coding region xref gene does not exist
./example_phage_annotation/prokka_NC_052979/NC_052979:CDS	hypothetical protein	NC_052979.1:c4528-4274	IONEPMAN_00008

DiscRep_SUB:FEATURE_LOCATION_CONFLICT::Coding region xref gene does not exist
./example_phage_annotation/prokka_NC_052979/NC_052979:CDS	hypothetical protein	NC_052979.1:c5235-4528	IONEPMAN_00009

DiscRep_SUB:FEATURE_LOCATION_CONFLICT::Coding region xref gene does not exist
./example_phage_annotation/prokka_NC_052979/NC_052979:CDS	hypothetical protein	NC_052979.1:c5554-5246	IONEPMAN_00010

DiscRep_SUB:FEATURE_LOCATION_CONFLICT::Coding region xref gene does not exist
./example_phage_annotation/prokka_NC_052979/NC_052979:CDS	hypothetical protein	NC_052979.1:c7675-5567	IONEPMAN_00011

DiscRep_SUB:FEATURE_LOCATION_CONFLICT::Coding region xref gene does not exist
./example_phage_annotation/prokka_NC_052979/NC_052979:CDS	hypothetical protein	NC_052979.1:c9304-7682	IONEPMAN_00012

DiscRep_SUB:FEATURE_LOCATION_CONFLICT::Coding region xref gene does not exist
./example_phage_annotation/prokka_NC_052979/NC_052979:CDS	hypothetical protein	NC_052979.1:c10332-9316	IONEPMAN_00013

DiscRep_SUB:FEATURE_LOCATION_CONFLICT::Coding region xref gene does not exist
./example_phage_annotation/prokka_NC_052979/NC_052979:CDS	hypothetical protein	NC_052979.1:c11331-10348	IONEPMAN_00014

DiscRep_SUB:FEATURE_LOCATION_CONFLICT::Coding region xref gene does not exist
./example_phage_annotation/prokka_NC_052979/NC_052979:CDS	hypothetical protein	NC_052979.1:c12262-11342	IONEPMAN_00015

DiscRep_SUB:FEATURE_LOCATION_CONFLICT::Coding region xref gene does not exist
./example_phage_annotation/prokka_NC_052979/NC_052979:CDS	hypothetical protein	NC_052979.1:c13006-12272	IONEPMAN_00016

DiscRep_SUB:FEATURE_LOCATION_CONFLICT::Coding region xref gene does not exist
./example_phage_annotation/prokka_NC_052979/NC_052979:CDS	hypothetical protein	NC_052979.1:c16825-13010	IONEPMAN_00017

DiscRep_SUB:FEATURE_LOCATION_CONFLICT::Coding region xref gene does not exist
./example_phage_annotation/prokka_NC_052979/NC_052979:CDS	hypothetical protein	NC_052979.1:c17036-16818	IONEPMAN_00018

DiscRep_SUB:FEATURE_LOCATION_CONFLICT::Coding region xref gene does not exist
./example_phage_annotation/prokka_NC_052979/NC_052979:CDS	hypothetical protein	NC_052979.1:c17272-17036	IONEPMAN_00019

DiscRep_SUB:FEATURE_LOCATION_CONFLICT::Coding region xref gene does not exist
./example_phage_annotation/prokka_NC_052979/NC_052979:CDS	hypothetical protein	NC_052979.1:c18100-17285	IONEPMAN_00020

DiscRep_SUB:FEATURE_LOCATION_CONFLICT::Coding region xref gene does not exist
./example_phage_annotation/prokka_NC_052979/NC_052979:CDS	hypothetical protein	NC_052979.1:c19808-18120	IONEPMAN_00021

DiscRep_SUB:FEATURE_LOCATION_CONFLICT::Coding region xref gene does not exist
./example_phage_annotation/prokka_NC_052979/NC_052979:CDS	Chromosome partition protein Smc	NC_052979.1:c24144-19813	IONEPMAN_00022

DiscRep_SUB:FEATURE_LOCATION_CONFLICT::Coding region xref gene does not exist
./example_phage_annotation/prokka_NC_052979/NC_052979:CDS	hypothetical protein	NC_052979.1:c24840-24385	IONEPMAN_00023

DiscRep_SUB:FEATURE_LOCATION_CONFLICT::Coding region xref gene does not exist
./example_phage_annotation/prokka_NC_052979/NC_052979:CDS	hypothetical protein	NC_052979.1:c26573-25074	IONEPMAN_00024

DiscRep_SUB:FEATURE_LOCATION_CONFLICT::Coding region xref gene does not exist
./example_phage_annotation/prokka_NC_052979/NC_052979:CDS	hypothetical protein	NC_052979.1:c27087-26566	IONEPMAN_00025

DiscRep_SUB:FEATURE_LOCATION_CONFLICT::Coding region xref gene does not exist
./example_phage_annotation/prokka_NC_052979/NC_052979:CDS	hypothetical protein	NC_052979.1:c27694-27077	IONEPMAN_00026

DiscRep_SUB:FEATURE_LOCATION_CONFLICT::Coding region xref gene does not exist
./example_phage_annotation/prokka_NC_052979/NC_052979:CDS	hypothetical protein	NC_052979.1:c28052-27678	IONEPMAN_00027

DiscRep_SUB:FEATURE_LOCATION_CONFLICT::Coding region xref gene does not exist
./example_phage_annotation/prokka_NC_052979/NC_052979:CDS	hypothetical protein	NC_052979.1:c28399-28052	IONEPMAN_00028

DiscRep_SUB:FEATURE_LOCATION_CONFLICT::Coding region xref gene does not exist
./example_phage_annotation/prokka_NC_052979/NC_052979:CDS	hypothetical protein	NC_052979.1:c29529-28465	IONEPMAN_00029

DiscRep_SUB:FEATURE_LOCATION_CONFLICT::Coding region xref gene does not exist
./example_phage_annotation/prokka_NC_052979/NC_052979:CDS	hypothetical protein	NC_052979.1:c29931-29545	IONEPMAN_00030

DiscRep_SUB:FEATURE_LOCATION_CONFLICT::Coding region xref gene does not exist
./example_phage_annotation/prokka_NC_052979/NC_052979:CDS	Putative signal peptide peptidase SppA	NC_052979.1:c31217-29943	IONEPMAN_00031

DiscRep_SUB:FEATURE_LOCATION_CONFLICT::Coding region xref gene does not exist
./example_phage_annotation/prokka_NC_052979/NC_052979:CDS	hypothetical protein	NC_052979.1:c32839-31217	IONEPMAN_00032

DiscRep_SUB:FEATURE_LOCATION_CONFLICT::Coding region xref gene does not exist
./example_phage_annotation/prokka_NC_052979/NC_052979:CDS	hypothetical protein	NC_052979.1:c33114-32839	IONEPMAN_00033

DiscRep_SUB:FEATURE_LOCATION_CONFLICT::Coding region xref gene does not exist
./example_phage_annotation/prokka_NC_052979/NC_052979:CDS	hypothetical protein	NC_052979.1:c35193-33127	IONEPMAN_00034

DiscRep_SUB:FEATURE_LOCATION_CONFLICT::Coding region xref gene does not exist
./example_phage_annotation/prokka_NC_052979/NC_052979:CDS	hypothetical protein	NC_052979.1:c35767-35180	IONEPMAN_00035

DiscRep_SUB:FEATURE_LOCATION_CONFLICT::Coding region xref gene does not exist
./example_phage_annotation/prokka_NC_052979/NC_052979:CDS	RNA polymerase-associated protein RapA	NC_052979.1:c37301-35760	IONEPMAN_00036

DiscRep_SUB:FEATURE_LOCATION_CONFLICT::Coding region xref gene does not exist
./example_phage_annotation/prokka_NC_052979/NC_052979:CDS	hypothetical protein	NC_052979.1:c37545-37252	IONEPMAN_00037

DiscRep_SUB:FEATURE_LOCATION_CONFLICT::Coding region xref gene does not exist
./example_phage_annotation/prokka_NC_052979/NC_052979:CDS	hypothetical protein	NC_052979.1:c39598-37547	IONEPMAN_00038

DiscRep_SUB:FEATURE_LOCATION_CONFLICT::Coding region xref gene does not exist
./example_phage_annotation/prokka_NC_052979/NC_052979:CDS	hypothetical protein	NC_052979.1:c40261-39662	IONEPMAN_00039

DiscRep_SUB:FEATURE_LOCATION_CONFLICT::Coding region xref gene does not exist
./example_phage_annotation/prokka_NC_052979/NC_052979:CDS	hypothetical protein	NC_052979.1:c41617-40301	IONEPMAN_00040

DiscRep_SUB:FEATURE_LOCATION_CONFLICT::Coding region xref gene does not exist
./example_phage_annotation/prokka_NC_052979/NC_052979:CDS	hypothetical protein	NC_052979.1:c42170-41682	IONEPMAN_00041

DiscRep_SUB:FEATURE_LOCATION_CONFLICT::Coding region xref gene does not exist
./example_phage_annotation/prokka_NC_052979/NC_052979:CDS	hypothetical protein	NC_052979.1:42527-42811	IONEPMAN_00042

DiscRep_SUB:FEATURE_LOCATION_CONFLICT::Coding region xref gene does not exist
./example_phage_annotation/prokka_NC_052979/NC_052979:CDS	hypothetical protein	NC_052979.1:42811-45474	IONEPMAN_00043

DiscRep_SUB:FEATURE_LOCATION_CONFLICT::Coding region xref gene does not exist
./example_phage_annotation/prokka_NC_052979/NC_052979:CDS	hypothetical protein	NC_052979.1:c47188-46952	IONEPMAN_00044

DiscRep_SUB:FEATURE_LOCATION_CONFLICT::Coding region xref gene does not exist
./example_phage_annotation/prokka_NC_052979/NC_052979:CDS	hypothetical protein	NC_052979.1:c47697-47188	IONEPMAN_00045

DiscRep_SUB:FEATURE_LOCATION_CONFLICT::Coding region xref gene does not exist
./example_phage_annotation/prokka_NC_052979/NC_052979:CDS	hypothetical protein	NC_052979.1:c48175-47690	IONEPMAN_00046

DiscRep_SUB:FEATURE_LOCATION_CONFLICT::Coding region xref gene does not exist
./example_phage_annotation/prokka_NC_052979/NC_052979:CDS	hypothetical protein	NC_052979.1:c48498-48172	IONEPMAN_00047

DiscRep_SUB:FEATURE_LOCATION_CONFLICT::Coding region xref gene does not exist
./example_phage_annotation/prokka_NC_052979/NC_052979:CDS	hypothetical protein	NC_052979.1:c48889-48491	IONEPMAN_00048

DiscRep_SUB:FEATURE_LOCATION_CONFLICT::Coding region xref gene does not exist
./example_phage_annotation/prokka_NC_052979/NC_052979:CDS	hypothetical protein	NC_052979.1:c49109-48882	IONEPMAN_00049

DiscRep_SUB:FEATURE_LOCATION_CONFLICT::Coding region xref gene does not exist
./example_phage_annotation/prokka_NC_052979/NC_052979:CDS	hypothetical protein	NC_052979.1:c49438-49109	IONEPMAN_00050

DiscRep_SUB:FEATURE_LOCATION_CONFLICT::Coding region xref gene does not exist
./example_phage_annotation/prokka_NC_052979/NC_052979:CDS	hypothetical protein	NC_052979.1:c50325-49438	IONEPMAN_00051

DiscRep_SUB:FEATURE_LOCATION_CONFLICT::Coding region xref gene does not exist
./example_phage_annotation/prokka_NC_052979/NC_052979:CDS	hypothetical protein	NC_052979.1:c50846-50490	IONEPMAN_00052

DiscRep_SUB:FEATURE_LOCATION_CONFLICT::Coding region xref gene does not exist
./example_phage_annotation/prokka_NC_052979/NC_052979:CDS	hypothetical protein	NC_052979.1:c51700-50846	IONEPMAN_00053

DiscRep_SUB:FEATURE_LOCATION_CONFLICT::Coding region xref gene does not exist
./example_phage_annotation/prokka_NC_052979/NC_052979:CDS	hypothetical protein	NC_052979.1:c52639-51899	IONEPMAN_00054

DiscRep_SUB:FEATURE_LOCATION_CONFLICT::Coding region xref gene does not exist
./example_phage_annotation/prokka_NC_052979/NC_052979:CDS	hypothetical protein	NC_052979.1:c53570-53211	IONEPMAN_00055

DiscRep_SUB:FEATURE_LOCATION_CONFLICT::Coding region xref gene does not exist
./example_phage_annotation/prokka_NC_052979/NC_052979:CDS	hypothetical protein	NC_052979.1:c54139-53567	IONEPMAN_00056

DiscRep_SUB:FEATURE_LOCATION_CONFLICT::Coding region xref gene does not exist
./example_phage_annotation/prokka_NC_052979/NC_052979:CDS	hypothetical protein	NC_052979.1:c54700-54284	IONEPMAN_00057

DiscRep_SUB:FEATURE_LOCATION_CONFLICT::Coding region xref gene does not exist
./example_phage_annotation/prokka_NC_052979/NC_052979:CDS	hypothetical protein	NC_052979.1:c54860-54666	IONEPMAN_00058

DiscRep_SUB:FEATURE_LOCATION_CONFLICT::Coding region xref gene does not exist
./example_phage_annotation/prokka_NC_052979/NC_052979:CDS	hypothetical protein	NC_052979.1:c55089-54844	IONEPMAN_00059

DiscRep_SUB:FEATURE_LOCATION_CONFLICT::Coding region xref gene does not exist
./example_phage_annotation/prokka_NC_052979/NC_052979:CDS	hypothetical protein	NC_052979.1:c55435-55103	IONEPMAN_00060

DiscRep_SUB:FEATURE_LOCATION_CONFLICT::Coding region xref gene does not exist
./example_phage_annotation/prokka_NC_052979/NC_052979:CDS	hypothetical protein	NC_052979.1:55898-56332	IONEPMAN_00061

DiscRep_SUB:FEATURE_LOCATION_CONFLICT::Coding region xref gene does not exist
./example_phage_annotation/prokka_NC_052979/NC_052979:CDS	hypothetical protein	NC_052979.1:56411-56728	IONEPMAN_00062

DiscRep_SUB:FEATURE_LOCATION_CONFLICT::Coding region xref gene does not exist
./example_phage_annotation/prokka_NC_052979/NC_052979:CDS	hypothetical protein	NC_052979.1:56739-57059	IONEPMAN_00063

DiscRep_SUB:FEATURE_LOCATION_CONFLICT::Coding region xref gene does not exist
./example_phage_annotation/prokka_NC_052979/NC_052979:CDS	hypothetical protein	NC_052979.1:57053-57406	IONEPMAN_00064

DiscRep_SUB:FEATURE_LOCATION_CONFLICT::Coding region xref gene does not exist
./example_phage_annotation/prokka_NC_052979/NC_052979:CDS	Recombination-associated protein RdgC	NC_052979.1:57403-58524	IONEPMAN_00065

DiscRep_SUB:FEATURE_LOCATION_CONFLICT::Coding region xref gene does not exist
./example_phage_annotation/prokka_NC_052979/NC_052979:CDS	hypothetical protein	NC_052979.1:58524-58724	IONEPMAN_00066

DiscRep_SUB:FEATURE_LOCATION_CONFLICT::Coding region xref gene does not exist
./example_phage_annotation/prokka_NC_052979/NC_052979:CDS	hypothetical protein	NC_052979.1:58793-59599	IONEPMAN_00067

DiscRep_ALL:DISC_QUALITY_SCORES::Quality scores are missing on all sequences.

DiscRep_ALL:ONCALLER_COMMENT_PRESENT::1 comment descriptors were found (all same)
./example_phage_annotation/prokka_NC_052979/NC_052979:NC_052979.1:Annotated using prokka 1.12 from https://github.com/tseemann/prokka

DiscRep_ALL:MISSING_GENOMEASSEMBLY_COMMENTS::1 bioseqs are missing GenomeAssembly structured comments
./example_phage_annotation/prokka_NC_052979/NC_052979:NC_052979.1 (length 59837)

DiscRep_ALL:MOLTYPE_NOT_MRNA::1 molecule types are not set as mRNA.
./example_phage_annotation/prokka_NC_052979/NC_052979:NC_052979.1 (length 59837)

DiscRep_ALL:TECHNIQUE_NOT_TSA::1 technique are not set as TSA
./example_phage_annotation/prokka_NC_052979/NC_052979:NC_052979.1 (length 59837)

DiscRep_ALL:MISSING_STRUCTURED_COMMENT::1 sequences do not include structured comments.
./example_phage_annotation/prokka_NC_052979/NC_052979:NC_052979.1 (length 59837)

DiscRep_ALL:MISSING_PROJECT::68 sequences do not include project.
./example_phage_annotation/prokka_NC_052979/NC_052979:NC_052979.1 (length 59837)
./example_phage_annotation/prokka_NC_052979/NC_052979:NC_052979.1_1 (length 149)
./example_phage_annotation/prokka_NC_052979/NC_052979:NC_052979.1_2 (length 161)
./example_phage_annotation/prokka_NC_052979/NC_052979:NC_052979.1_3 (length 207)
./example_phage_annotation/prokka_NC_052979/NC_052979:NC_052979.1_4 (length 243)
./example_phage_annotation/prokka_NC_052979/NC_052979:NC_052979.1_5 (length 176)
./example_phage_annotation/prokka_NC_052979/NC_052979:NC_052979.1_6 (length 122)
./example_phage_annotation/prokka_NC_052979/NC_052979:NC_052979.1_7 (length 152)
./example_phage_annotation/prokka_NC_052979/NC_052979:NC_052979.1_8 (length 84)
./example_phage_annotation/prokka_NC_052979/NC_052979:NC_052979.1_9 (length 235)
./example_phage_annotation/prokka_NC_052979/NC_052979:NC_052979.1_10 (length 102)
./example_phage_annotation/prokka_NC_052979/NC_052979:NC_052979.1_11 (length 702)
./example_phage_annotation/prokka_NC_052979/NC_052979:NC_052979.1_12 (length 540)
./example_phage_annotation/prokka_NC_052979/NC_052979:NC_052979.1_13 (length 338)
./example_phage_annotation/prokka_NC_052979/NC_052979:NC_052979.1_14 (length 327)
./example_phage_annotation/prokka_NC_052979/NC_052979:NC_052979.1_15 (length 306)
./example_phage_annotation/prokka_NC_052979/NC_052979:NC_052979.1_16 (length 244)
./example_phage_annotation/prokka_NC_052979/NC_052979:NC_052979.1_17 (length 1271)
./example_phage_annotation/prokka_NC_052979/NC_052979:NC_052979.1_18 (length 72)
./example_phage_annotation/prokka_NC_052979/NC_052979:NC_052979.1_19 (length 78)
./example_phage_annotation/prokka_NC_052979/NC_052979:NC_052979.1_20 (length 271)
./example_phage_annotation/prokka_NC_052979/NC_052979:NC_052979.1_21 (length 562)
./example_phage_annotation/prokka_NC_052979/NC_052979:NC_052979.1_22 (length 1443)
./example_phage_annotation/prokka_NC_052979/NC_052979:NC_052979.1_23 (length 151)
./example_phage_annotation/prokka_NC_052979/NC_052979:NC_052979.1_24 (length 499)
./example_phage_annotation/prokka_NC_052979/NC_052979:NC_052979.1_25 (length 173)
./example_phage_annotation/prokka_NC_052979/NC_052979:NC_052979.1_26 (length 205)
./example_phage_annotation/prokka_NC_052979/NC_052979:NC_052979.1_27 (length 124)
./example_phage_annotation/prokka_NC_052979/NC_052979:NC_052979.1_28 (length 115)
./example_phage_annotation/prokka_NC_052979/NC_052979:NC_052979.1_29 (length 354)
./example_phage_annotation/prokka_NC_052979/NC_052979:NC_052979.1_30 (length 128)
./example_phage_annotation/prokka_NC_052979/NC_052979:NC_052979.1_31 (length 424)
./example_phage_annotation/prokka_NC_052979/NC_052979:NC_052979.1_32 (length 540)
./example_phage_annotation/prokka_NC_052979/NC_052979:NC_052979.1_33 (length 91)
./example_phage_annotation/prokka_NC_052979/NC_052979:NC_052979.1_34 (length 688)
./example_phage_annotation/prokka_NC_052979/NC_052979:NC_052979.1_35 (length 195)
./example_phage_annotation/prokka_NC_052979/NC_052979:NC_052979.1_36 (length 513)
./example_phage_annotation/prokka_NC_052979/NC_052979:NC_052979.1_37 (length 97)
./example_phage_annotation/prokka_NC_052979/NC_052979:NC_052979.1_38 (length 683)
./example_phage_annotation/prokka_NC_052979/NC_052979:NC_052979.1_39 (length 199)
./example_phage_annotation/prokka_NC_052979/NC_052979:NC_052979.1_40 (length 438)
./example_phage_annotation/prokka_NC_052979/NC_052979:NC_052979.1_41 (length 162)
./example_phage_annotation/prokka_NC_052979/NC_052979:NC_052979.1_42 (length 94)
./example_phage_annotation/prokka_NC_052979/NC_052979:NC_052979.1_43 (length 887)
./example_phage_annotation/prokka_NC_052979/NC_052979:NC_052979.1_44 (length 78)
./example_phage_annotation/prokka_NC_052979/NC_052979:NC_052979.1_45 (length 169)
./example_phage_annotation/prokka_NC_052979/NC_052979:NC_052979.1_46 (length 161)
./example_phage_annotation/prokka_NC_052979/NC_052979:NC_052979.1_47 (length 108)
./example_phage_annotation/prokka_NC_052979/NC_052979:NC_052979.1_48 (length 132)
./example_phage_annotation/prokka_NC_052979/NC_052979:NC_052979.1_49 (length 75)
./example_phage_annotation/prokka_NC_052979/NC_052979:NC_052979.1_50 (length 109)
./example_phage_annotation/prokka_NC_052979/NC_052979:NC_052979.1_51 (length 295)
./example_phage_annotation/prokka_NC_052979/NC_052979:NC_052979.1_52 (length 118)
./example_phage_annotation/prokka_NC_052979/NC_052979:NC_052979.1_53 (length 284)
./example_phage_annotation/prokka_NC_052979/NC_052979:NC_052979.1_54 (length 246)
./example_phage_annotation/prokka_NC_052979/NC_052979:NC_052979.1_55 (length 119)
./example_phage_annotation/prokka_NC_052979/NC_052979:NC_052979.1_56 (length 190)
./example_phage_annotation/prokka_NC_052979/NC_052979:NC_052979.1_57 (length 138)
./example_phage_annotation/prokka_NC_052979/NC_052979:NC_052979.1_58 (length 64)
./example_phage_annotation/prokka_NC_052979/NC_052979:NC_052979.1_59 (length 81)
./example_phage_annotation/prokka_NC_052979/NC_052979:NC_052979.1_60 (length 110)
./example_phage_annotation/prokka_NC_052979/NC_052979:NC_052979.1_61 (length 144)
./example_phage_annotation/prokka_NC_052979/NC_052979:NC_052979.1_62 (length 105)
./example_phage_annotation/prokka_NC_052979/NC_052979:NC_052979.1_63 (length 106)
./example_phage_annotation/prokka_NC_052979/NC_052979:NC_052979.1_64 (length 117)
./example_phage_annotation/prokka_NC_052979/NC_052979:NC_052979.1_65 (length 373)
./example_phage_annotation/prokka_NC_052979/NC_052979:NC_052979.1_66 (length 66)
./example_phage_annotation/prokka_NC_052979/NC_052979:NC_052979.1_67 (length 268)

DiscRep_ALL:DISC_INCONSISTENT_MOLINFO_TECH::Molinfo Technique Report (some missing, all same)
DiscRep_SUB:DISC_INCONSISTENT_MOLINFO_TECH::technique (all missing)
DiscRep_SUB:DISC_INCONSISTENT_MOLINFO_TECH::1 Molinfos are missing field technique
./example_phage_annotation/prokka_NC_052979/NC_052979:NC_052979.1 (length 59837)

