[14:01:50] This is prokka 1.12
[14:01:50] Written by Torsten Seemann <torsten.seemann@gmail.com>
[14:01:50] Homepage is https://github.com/tseemann/prokka
[14:01:50] Local time is Thu Jun 13 14:01:50 2024
[14:01:50] You are TongqingWei
[14:01:50] Operating system is linux
[14:01:50] You have BioPerl 1.006924
[14:01:50] System has 40 cores.
[14:01:50] Will use maximum of 8 cores.
[14:01:50] Annotating as >>> Bacteria <<<
[14:01:50] Generating locus_tag from './example_phage/NC_052979.fasta' contents.
[14:01:50] Setting --locustag IONEPMAN from MD5 287e96a7d38b0300d57e2ce40b478648
[14:01:50] Creating new output folder: ./example_phage_annotation/prokka_NC_052979
[14:01:50] Running: mkdir -p \.\/example_phage_annotation\/prokka_NC_052979
[14:01:50] Using filename prefix: NC_052979.XXX
[14:01:50] Setting HMMER_NCPU=1
[14:01:50] Writing log to: ./example_phage_annotation/prokka_NC_052979/NC_052979.log
[14:01:50] Command: /bios-store1/software/anaconda3/bin/prokka ./example_phage/NC_052979.fasta --outdir ./example_phage_annotation/prokka_NC_052979 --prefix NC_052979
[14:01:50] Appending to PATH: /bios-store1/software/anaconda3/bin
[14:01:50] Looking for 'aragorn' - found /bios-store1/software/anaconda3/bin/aragorn
[14:01:50] Determined aragorn version is 1.2
[14:01:50] Looking for 'barrnap' - found /bios-store1/software/anaconda3/bin/barrnap
[14:01:50] Determined barrnap version is 0.9
[14:01:50] Looking for 'blastp' - found /bios-store1/software/anaconda3/bin/blastp
[14:01:50] Determined blastp version is 2.5
[14:01:50] Looking for 'cmpress' - found /bios-store1/software/anaconda3/bin/cmpress
[14:01:50] Determined cmpress version is 1.1
[14:01:50] Looking for 'cmscan' - found /bios-store1/software/anaconda3/bin/cmscan
[14:01:50] Determined cmscan version is 1.1
[14:01:50] Looking for 'egrep' - found /bios-store1/software/bin/egrep
[14:01:50] Looking for 'find' - found /usr/bin/find
[14:01:50] Looking for 'grep' - found /bios-store1/software/bin/grep
[14:01:50] Looking for 'hmmpress' - found /bios-store1/software/anaconda3/bin/hmmpress
[14:01:50] Determined hmmpress version is 3.3
[14:01:50] Looking for 'hmmscan' - found /bios-store1/software/anaconda3/bin/hmmscan
[14:01:50] Determined hmmscan version is 3.3
[14:01:50] Looking for 'java' - found /bios-store1/software/anaconda3/bin/java
[14:01:50] Looking for 'less' - found /usr/bin/less
[14:01:50] Looking for 'makeblastdb' - found /bios-store1/software/anaconda3/bin/makeblastdb
[14:01:50] Determined makeblastdb version is 2.5
[14:01:50] Looking for 'minced' - found /bios-store1/software/anaconda3/bin/minced
[14:01:50] Determined minced version is 4.2
[14:01:50] Looking for 'parallel' - found /bios-store1/software/anaconda3/bin/parallel
[14:01:50] Determined parallel version is 20170422
[14:01:50] Looking for 'prodigal' - found /bios-store1/software/anaconda3/bin/prodigal
[14:01:50] Determined prodigal version is 2.6
[14:01:50] Looking for 'prokka-genbank_to_fasta_db' - found /bios-store1/software/anaconda3/bin/prokka-genbank_to_fasta_db
[14:01:50] Looking for 'sed' - found /bios-store1/software/bin/sed
[14:01:50] Looking for 'tbl2asn' - found /bios-store1/software/anaconda3/bin/tbl2asn
[14:01:50] Determined tbl2asn version is 25.8
[14:01:50] Using genetic code table 11.
[14:01:50] Loading and checking input file: ./example_phage/NC_052979.fasta
[14:01:50] Wrote 1 contigs totalling 59837 bp.
[14:01:50] Predicting tRNAs and tmRNAs
[14:01:50] Running: aragorn -l -gc11  -w \.\/example_phage_annotation\/prokka_NC_052979\/NC_052979\.fna
[14:01:50] Found 0 tRNAs
[14:01:50] Predicting Ribosomal RNAs
[14:01:50] Running Barrnap with 8 threads
[14:01:51] Found 0 rRNAs
[14:01:51] Skipping ncRNA search, enable with --rfam if desired.
[14:01:51] Total of 0 tRNA + rRNA features
[14:01:51] Searching for CRISPR repeats
[14:01:51] Found 0 CRISPRs
[14:01:51] Predicting coding sequences
[14:01:51] Contigs total 59837 bp, so using meta mode
[14:01:51] Running: prodigal -i \.\/example_phage_annotation\/prokka_NC_052979\/NC_052979\.fna -c -m -g 11 -p meta -f sco -q
[14:01:51] Found 67 CDS
[14:01:51] Connecting features back to sequences
[14:01:51] Not using genus-specific database. Try --usegenus to enable it.
[14:01:51] Annotating CDS, please be patient.
[14:01:51] Will use 8 CPUs for similarity searching.
[14:01:51] There are still 67 unannotated CDS left (started with 67)
[14:01:51] Will use blast to search against /bios-store1/software/anaconda3/bin/../db/kingdom/Bacteria/sprot with 8 CPUs
[14:01:51] Running: cat \.\/example_phage_annotation\/prokka_NC_052979\/sprot\.faa | parallel --gnu --plain -j 8 --block 1157 --recstart '>' --pipe blastp -query - -db /bios-store1/software/anaconda3/bin/../db/kingdom/Bacteria/sprot -evalue 1e-06 -num_threads 1 -num_descriptions 1 -num_alignments 1 -seg no > \.\/example_phage_annotation\/prokka_NC_052979\/sprot\.blast 2> /dev/null
[14:01:52] Deleting unwanted file: ./example_phage_annotation/prokka_NC_052979/sprot.faa
[14:01:52] Deleting unwanted file: ./example_phage_annotation/prokka_NC_052979/sprot.blast
[14:01:53] There are still 65 unannotated CDS left (started with 67)
[14:01:53] Will use hmmer3 to search against /bios-store1/software/anaconda3/bin/../db/hmm/HAMAP.hmm with 8 CPUs
[14:01:53] Running: cat \.\/example_phage_annotation\/prokka_NC_052979\/HAMAP\.hmm\.faa | parallel --gnu --plain -j 8 --block 1107 --recstart '>' --pipe hmmscan --noali --notextw --acc -E 1e-06 --cpu 1 /bios-store1/software/anaconda3/bin/../db/hmm/HAMAP.hmm /dev/stdin > \.\/example_phage_annotation\/prokka_NC_052979\/HAMAP\.hmm\.hmmer3 2> /dev/null
[14:01:54] Deleting unwanted file: ./example_phage_annotation/prokka_NC_052979/HAMAP.hmm.faa
[14:01:54] Deleting unwanted file: ./example_phage_annotation/prokka_NC_052979/HAMAP.hmm.hmmer3
[14:01:54] Labelling remaining 63 proteins as 'hypothetical protein'
[14:01:54] Found 4 unique /gene codes.
[14:01:54] Fixed 0 colliding /gene names.
[14:01:54] Adding /locus_tag identifiers
[14:01:54] Assigned 67 locus_tags to CDS and RNA features.
[14:01:54] Writing outputs to ./example_phage_annotation/prokka_NC_052979/
[14:01:54] Generating annotation statistics file
[14:01:54] Generating Genbank and Sequin files
[14:01:54] Running: tbl2asn -V b -a r10k -l paired-ends -M n -N 1 -y 'Annotated using prokka 1.12 from https://github.com/tseemann/prokka' -Z \.\/example_phage_annotation\/prokka_NC_052979\/NC_052979\.err -i \.\/example_phage_annotation\/prokka_NC_052979\/NC_052979\.fsa 2> /dev/null
[14:01:54] Deleting unwanted file: ./example_phage_annotation/prokka_NC_052979/errorsummary.val
[14:01:54] Deleting unwanted file: ./example_phage_annotation/prokka_NC_052979/NC_052979.dr
[14:01:54] Deleting unwanted file: ./example_phage_annotation/prokka_NC_052979/NC_052979.fixedproducts
[14:01:54] Deleting unwanted file: ./example_phage_annotation/prokka_NC_052979/NC_052979.ecn
[14:01:54] Deleting unwanted file: ./example_phage_annotation/prokka_NC_052979/NC_052979.val
[14:01:54] Repairing broken .GBK output that tbl2asn produces...
[14:01:54] Running: sed 's/COORDINATES: profile/COORDINATES:profile/' < \.\/example_phage_annotation\/prokka_NC_052979\/NC_052979\.gbf > \.\/example_phage_annotation\/prokka_NC_052979\/NC_052979\.gbk
[14:01:54] Deleting unwanted file: ./example_phage_annotation/prokka_NC_052979/NC_052979.gbf
[14:01:54] Output files:
[14:01:54] ./example_phage_annotation/prokka_NC_052979/NC_052979.log
[14:01:54] ./example_phage_annotation/prokka_NC_052979/NC_052979.fna
[14:01:54] ./example_phage_annotation/prokka_NC_052979/NC_052979.gff
[14:01:54] ./example_phage_annotation/prokka_NC_052979/NC_052979.faa
[14:01:54] ./example_phage_annotation/prokka_NC_052979/NC_052979.ffn
[14:01:54] ./example_phage_annotation/prokka_NC_052979/NC_052979.tbl
[14:01:54] ./example_phage_annotation/prokka_NC_052979/NC_052979.fsa
[14:01:54] ./example_phage_annotation/prokka_NC_052979/NC_052979.tsv
[14:01:54] ./example_phage_annotation/prokka_NC_052979/NC_052979.txt
[14:01:54] ./example_phage_annotation/prokka_NC_052979/NC_052979.sqn
[14:01:54] ./example_phage_annotation/prokka_NC_052979/NC_052979.err
[14:01:54] ./example_phage_annotation/prokka_NC_052979/NC_052979.gbk
[14:01:54] Annotation finished successfully.
[14:01:54] Walltime used: 0.07 minutes
[14:01:54] If you use this result please cite the Prokka paper:
[14:01:54] Seemann T (2014) Prokka: rapid prokaryotic genome annotation. Bioinformatics. 30(14):2068-9.
[14:01:54] Type 'prokka --citation' for more details.
[14:01:54] Thank you, come again.
