Discrepancy Report Results

Summary
FATAL: MISSING_PROTEIN_ID:42 proteins have invalid IDs.
DISC_SOURCE_QUALS_ASNDISC:strain (all present, all unique)
DISC_SOURCE_QUALS_ASNDISC:taxname (all present, all unique)
DISC_FEATURE_COUNT:CDS: 42 present
DISC_FEATURE_COUNT:tRNA: 1 present
DISC_COUNT_NUCLEOTIDES:1 nucleotide Bioseqs are present
FEATURE_LOCATION_CONFLICT:43 features have inconsistent gene locations.
DISC_QUALITY_SCORES:Quality scores are missing on all sequences.
ONCALLER_COMMENT_PRESENT:1 comment descriptors were found (all same)
MISSING_GENOMEASSEMBLY_COMMENTS:1 bioseqs are missing GenomeAssembly structured comments
MOLTYPE_NOT_MRNA:1 molecule types are not set as mRNA.
TECHNIQUE_NOT_TSA:1 technique are not set as TSA
MISSING_STRUCTURED_COMMENT:1 sequences do not include structured comments.
MISSING_PROJECT:43 sequences do not include project.
DISC_INCONSISTENT_MOLINFO_TECH:Molinfo Technique Report (some missing, all same)


Detailed Report

FATAL: DiscRep_ALL:MISSING_PROTEIN_ID::42 proteins have invalid IDs.
./example_phage_annotation/prokka_MG711464/MG711464:MG711464.1_1 (length 385)
./example_phage_annotation/prokka_MG711464/MG711464:MG711464.1_2 (length 302)
./example_phage_annotation/prokka_MG711464/MG711464:MG711464.1_3 (length 236)
./example_phage_annotation/prokka_MG711464/MG711464:MG711464.1_4 (length 64)
./example_phage_annotation/prokka_MG711464/MG711464:MG711464.1_5 (length 81)
./example_phage_annotation/prokka_MG711464/MG711464:MG711464.1_6 (length 85)
./example_phage_annotation/prokka_MG711464/MG711464:MG711464.1_7 (length 72)
./example_phage_annotation/prokka_MG711464/MG711464:MG711464.1_8 (length 93)
./example_phage_annotation/prokka_MG711464/MG711464:MG711464.1_9 (length 104)
./example_phage_annotation/prokka_MG711464/MG711464:MG711464.1_10 (length 487)
./example_phage_annotation/prokka_MG711464/MG711464:MG711464.1_11 (length 432)
./example_phage_annotation/prokka_MG711464/MG711464:MG711464.1_12 (length 357)
./example_phage_annotation/prokka_MG711464/MG711464:MG711464.1_13 (length 161)
./example_phage_annotation/prokka_MG711464/MG711464:MG711464.1_14 (length 542)
./example_phage_annotation/prokka_MG711464/MG711464:MG711464.1_15 (length 742)
./example_phage_annotation/prokka_MG711464/MG711464:MG711464.1_16 (length 141)
./example_phage_annotation/prokka_MG711464/MG711464:MG711464.1_17 (length 137)
./example_phage_annotation/prokka_MG711464/MG711464:MG711464.1_18 (length 164)
./example_phage_annotation/prokka_MG711464/MG711464:MG711464.1_19 (length 400)
./example_phage_annotation/prokka_MG711464/MG711464:MG711464.1_20 (length 475)
./example_phage_annotation/prokka_MG711464/MG711464:MG711464.1_21 (length 587)
./example_phage_annotation/prokka_MG711464/MG711464:MG711464.1_22 (length 66)
./example_phage_annotation/prokka_MG711464/MG711464:MG711464.1_23 (length 107)
./example_phage_annotation/prokka_MG711464/MG711464:MG711464.1_24 (length 179)
./example_phage_annotation/prokka_MG711464/MG711464:MG711464.1_25 (length 312)
./example_phage_annotation/prokka_MG711464/MG711464:MG711464.1_26 (length 127)
./example_phage_annotation/prokka_MG711464/MG711464:MG711464.1_27 (length 126)
./example_phage_annotation/prokka_MG711464/MG711464:MG711464.1_28 (length 152)
./example_phage_annotation/prokka_MG711464/MG711464:MG711464.1_29 (length 152)
./example_phage_annotation/prokka_MG711464/MG711464:MG711464.1_30 (length 170)
./example_phage_annotation/prokka_MG711464/MG711464:MG711464.1_31 (length 126)
./example_phage_annotation/prokka_MG711464/MG711464:MG711464.1_32 (length 206)
./example_phage_annotation/prokka_MG711464/MG711464:MG711464.1_33 (length 1084)
./example_phage_annotation/prokka_MG711464/MG711464:MG711464.1_34 (length 290)
./example_phage_annotation/prokka_MG711464/MG711464:MG711464.1_35 (length 335)
./example_phage_annotation/prokka_MG711464/MG711464:MG711464.1_36 (length 543)
./example_phage_annotation/prokka_MG711464/MG711464:MG711464.1_37 (length 150)
./example_phage_annotation/prokka_MG711464/MG711464:MG711464.1_38 (length 61)
./example_phage_annotation/prokka_MG711464/MG711464:MG711464.1_39 (length 216)
./example_phage_annotation/prokka_MG711464/MG711464:MG711464.1_40 (length 86)
./example_phage_annotation/prokka_MG711464/MG711464:MG711464.1_41 (length 94)
./example_phage_annotation/prokka_MG711464/MG711464:MG711464.1_42 (length 90)

DiscRep_ALL:DISC_SOURCE_QUALS_ASNDISC::strain (all present, all unique)
DiscRep_SUB:DISC_SOURCE_QUALS_ASNDISC::1 sources have unique values for strain
DiscRep_ALL:DISC_SOURCE_QUALS_ASNDISC::taxname (all present, all unique)
DiscRep_SUB:DISC_SOURCE_QUALS_ASNDISC::1 sources have unique values for taxname
DiscRep_ALL:DISC_FEATURE_COUNT::CDS: 42 present
DiscRep_ALL:DISC_FEATURE_COUNT::tRNA: 1 present
DiscRep_ALL:DISC_COUNT_NUCLEOTIDES::1 nucleotide Bioseqs are present
./example_phage_annotation/prokka_MG711464/MG711464:MG711464.1 (length 34075)

DiscRep_ALL:FEATURE_LOCATION_CONFLICT::43 features have inconsistent gene locations.
DiscRep_SUB:FEATURE_LOCATION_CONFLICT::Coding region xref gene does not exist
./example_phage_annotation/prokka_MG711464/MG711464:CDS	hypothetical protein	MG711464.1:c1482-325	OEGKHONN_00001

DiscRep_SUB:FEATURE_LOCATION_CONFLICT::Coding region xref gene does not exist
./example_phage_annotation/prokka_MG711464/MG711464:CDS	hypothetical protein	MG711464.1:c2531-1623	OEGKHONN_00002

DiscRep_SUB:FEATURE_LOCATION_CONFLICT::Coding region xref gene does not exist
./example_phage_annotation/prokka_MG711464/MG711464:CDS	LexA repressor	MG711464.1:c3259-2549	OEGKHONN_00003

DiscRep_SUB:FEATURE_LOCATION_CONFLICT::Coding region xref gene does not exist
./example_phage_annotation/prokka_MG711464/MG711464:CDS	hypothetical protein	MG711464.1:3463-3657	OEGKHONN_00004

DiscRep_SUB:FEATURE_LOCATION_CONFLICT::Coding region xref gene does not exist
./example_phage_annotation/prokka_MG711464/MG711464:CDS	hypothetical protein	MG711464.1:3677-3922	OEGKHONN_00005

DiscRep_SUB:FEATURE_LOCATION_CONFLICT::Coding region xref gene does not exist
./example_phage_annotation/prokka_MG711464/MG711464:CDS	hypothetical protein	MG711464.1:3919-4176	OEGKHONN_00006

DiscRep_SUB:FEATURE_LOCATION_CONFLICT::Coding region xref gene does not exist
./example_phage_annotation/prokka_MG711464/MG711464:CDS	hypothetical protein	MG711464.1:4173-4391	OEGKHONN_00007

DiscRep_SUB:FEATURE_LOCATION_CONFLICT::Coding region xref gene does not exist
./example_phage_annotation/prokka_MG711464/MG711464:CDS	hypothetical protein	MG711464.1:4381-4662	OEGKHONN_00008

DiscRep_SUB:FEATURE_LOCATION_CONFLICT::Coding region xref gene does not exist
./example_phage_annotation/prokka_MG711464/MG711464:CDS	hypothetical protein	MG711464.1:4770-5084	OEGKHONN_00009

DiscRep_SUB:FEATURE_LOCATION_CONFLICT::Coding region xref gene does not exist
./example_phage_annotation/prokka_MG711464/MG711464:CDS	Chromosome partition protein Smc	MG711464.1:5081-6544	OEGKHONN_00010

DiscRep_SUB:FEATURE_LOCATION_CONFLICT::Coding region xref gene does not exist
./example_phage_annotation/prokka_MG711464/MG711464:CDS	DNA replication and repair protein RecF	MG711464.1:6535-7833	OEGKHONN_00011

DiscRep_SUB:FEATURE_LOCATION_CONFLICT::Coding region xref gene does not exist
./example_phage_annotation/prokka_MG711464/MG711464:CDS	hypothetical protein	MG711464.1:7834-8907	OEGKHONN_00012

DiscRep_SUB:FEATURE_LOCATION_CONFLICT::Coding region xref gene does not exist
./example_phage_annotation/prokka_MG711464/MG711464:CDS	hypothetical protein	MG711464.1:8930-9415	OEGKHONN_00013

DiscRep_SUB:FEATURE_LOCATION_CONFLICT::Coding region xref gene does not exist
./example_phage_annotation/prokka_MG711464/MG711464:CDS	Putative DNA repair helicase RadD	MG711464.1:9415-11043	OEGKHONN_00014

DiscRep_SUB:FEATURE_LOCATION_CONFLICT::Coding region xref gene does not exist
./example_phage_annotation/prokka_MG711464/MG711464:CDS	hypothetical protein	MG711464.1:11049-13277	OEGKHONN_00015

DiscRep_SUB:FEATURE_LOCATION_CONFLICT::Coding region xref gene does not exist
./example_phage_annotation/prokka_MG711464/MG711464:CDS	hypothetical protein	MG711464.1:13544-13969	OEGKHONN_00016

DiscRep_SUB:FEATURE_LOCATION_CONFLICT::Coding region xref gene does not exist
./example_phage_annotation/prokka_MG711464/MG711464:CDS	hypothetical protein	MG711464.1:13966-14379	OEGKHONN_00017

DiscRep_SUB:FEATURE_LOCATION_CONFLICT::Coding region xref gene does not exist
./example_phage_annotation/prokka_MG711464/MG711464:CDS	hypothetical protein	MG711464.1:14628-15122	OEGKHONN_00018

DiscRep_SUB:FEATURE_LOCATION_CONFLICT::Coding region xref gene does not exist
./example_phage_annotation/prokka_MG711464/MG711464:CDS	hypothetical protein	MG711464.1:15109-16311	OEGKHONN_00019

DiscRep_SUB:FEATURE_LOCATION_CONFLICT::Coding region xref gene does not exist
./example_phage_annotation/prokka_MG711464/MG711464:CDS	hypothetical protein	MG711464.1:16311-17738	OEGKHONN_00020

DiscRep_SUB:FEATURE_LOCATION_CONFLICT::Coding region xref gene does not exist
./example_phage_annotation/prokka_MG711464/MG711464:CDS	hypothetical protein	MG711464.1:17738-19501	OEGKHONN_00021

DiscRep_SUB:FEATURE_LOCATION_CONFLICT::Coding region xref gene does not exist
./example_phage_annotation/prokka_MG711464/MG711464:CDS	hypothetical protein	MG711464.1:19488-19688	OEGKHONN_00022

DiscRep_SUB:FEATURE_LOCATION_CONFLICT::Coding region xref gene does not exist
./example_phage_annotation/prokka_MG711464/MG711464:CDS	hypothetical protein	MG711464.1:19698-20021	OEGKHONN_00023

DiscRep_SUB:FEATURE_LOCATION_CONFLICT::Coding region xref gene does not exist
./example_phage_annotation/prokka_MG711464/MG711464:CDS	hypothetical protein	MG711464.1:20290-20829	OEGKHONN_00025

DiscRep_SUB:FEATURE_LOCATION_CONFLICT::Coding region xref gene does not exist
./example_phage_annotation/prokka_MG711464/MG711464:CDS	hypothetical protein	MG711464.1:20835-21773	OEGKHONN_00026

DiscRep_SUB:FEATURE_LOCATION_CONFLICT::Coding region xref gene does not exist
./example_phage_annotation/prokka_MG711464/MG711464:CDS	hypothetical protein	MG711464.1:21784-22167	OEGKHONN_00027

DiscRep_SUB:FEATURE_LOCATION_CONFLICT::Coding region xref gene does not exist
./example_phage_annotation/prokka_MG711464/MG711464:CDS	hypothetical protein	MG711464.1:22167-22547	OEGKHONN_00028

DiscRep_SUB:FEATURE_LOCATION_CONFLICT::Coding region xref gene does not exist
./example_phage_annotation/prokka_MG711464/MG711464:CDS	hypothetical protein	MG711464.1:22552-23010	OEGKHONN_00029

DiscRep_SUB:FEATURE_LOCATION_CONFLICT::Coding region xref gene does not exist
./example_phage_annotation/prokka_MG711464/MG711464:CDS	hypothetical protein	MG711464.1:23007-23465	OEGKHONN_00030

DiscRep_SUB:FEATURE_LOCATION_CONFLICT::Coding region xref gene does not exist
./example_phage_annotation/prokka_MG711464/MG711464:CDS	hypothetical protein	MG711464.1:23462-23974	OEGKHONN_00031

DiscRep_SUB:FEATURE_LOCATION_CONFLICT::Coding region xref gene does not exist
./example_phage_annotation/prokka_MG711464/MG711464:CDS	hypothetical protein	MG711464.1:24037-24417	OEGKHONN_00032

DiscRep_SUB:FEATURE_LOCATION_CONFLICT::Coding region xref gene does not exist
./example_phage_annotation/prokka_MG711464/MG711464:CDS	hypothetical protein	MG711464.1:24410-25030	OEGKHONN_00033

DiscRep_SUB:FEATURE_LOCATION_CONFLICT::Coding region xref gene does not exist
./example_phage_annotation/prokka_MG711464/MG711464:CDS	hypothetical protein	MG711464.1:25023-28277	OEGKHONN_00034

DiscRep_SUB:FEATURE_LOCATION_CONFLICT::Coding region xref gene does not exist
./example_phage_annotation/prokka_MG711464/MG711464:CDS	hypothetical protein	MG711464.1:28293-29165	OEGKHONN_00035

DiscRep_SUB:FEATURE_LOCATION_CONFLICT::Coding region xref gene does not exist
./example_phage_annotation/prokka_MG711464/MG711464:CDS	hypothetical protein	MG711464.1:29162-30169	OEGKHONN_00036

DiscRep_SUB:FEATURE_LOCATION_CONFLICT::Coding region xref gene does not exist
./example_phage_annotation/prokka_MG711464/MG711464:CDS	hypothetical protein	MG711464.1:30182-31813	OEGKHONN_00037

DiscRep_SUB:FEATURE_LOCATION_CONFLICT::Coding region xref gene does not exist
./example_phage_annotation/prokka_MG711464/MG711464:CDS	hypothetical protein	MG711464.1:31825-32277	OEGKHONN_00038

DiscRep_SUB:FEATURE_LOCATION_CONFLICT::Coding region xref gene does not exist
./example_phage_annotation/prokka_MG711464/MG711464:CDS	hypothetical protein	MG711464.1:32282-32467	OEGKHONN_00039

DiscRep_SUB:FEATURE_LOCATION_CONFLICT::Coding region xref gene does not exist
./example_phage_annotation/prokka_MG711464/MG711464:CDS	Autolytic lysozyme	MG711464.1:32448-33098	OEGKHONN_00040

DiscRep_SUB:FEATURE_LOCATION_CONFLICT::Coding region xref gene does not exist
./example_phage_annotation/prokka_MG711464/MG711464:CDS	hypothetical protein	MG711464.1:33104-33364	OEGKHONN_00041

DiscRep_SUB:FEATURE_LOCATION_CONFLICT::Coding region xref gene does not exist
./example_phage_annotation/prokka_MG711464/MG711464:CDS	hypothetical protein	MG711464.1:33370-33654	OEGKHONN_00042

DiscRep_SUB:FEATURE_LOCATION_CONFLICT::Coding region xref gene does not exist
./example_phage_annotation/prokka_MG711464/MG711464:CDS	hypothetical protein	MG711464.1:33672-33944	OEGKHONN_00043

DiscRep_SUB:FEATURE_LOCATION_CONFLICT::RNA feature xref gene does not exist
./example_phage_annotation/prokka_MG711464/MG711464:tRNA	Trp	MG711464.1:20075-20150	OEGKHONN_00024

DiscRep_ALL:DISC_QUALITY_SCORES::Quality scores are missing on all sequences.

DiscRep_ALL:ONCALLER_COMMENT_PRESENT::1 comment descriptors were found (all same)
./example_phage_annotation/prokka_MG711464/MG711464:MG711464.1:Annotated using prokka 1.12 from https://github.com/tseemann/prokka

DiscRep_ALL:MISSING_GENOMEASSEMBLY_COMMENTS::1 bioseqs are missing GenomeAssembly structured comments
./example_phage_annotation/prokka_MG711464/MG711464:MG711464.1 (length 34075)

DiscRep_ALL:MOLTYPE_NOT_MRNA::1 molecule types are not set as mRNA.
./example_phage_annotation/prokka_MG711464/MG711464:MG711464.1 (length 34075)

DiscRep_ALL:TECHNIQUE_NOT_TSA::1 technique are not set as TSA
./example_phage_annotation/prokka_MG711464/MG711464:MG711464.1 (length 34075)

DiscRep_ALL:MISSING_STRUCTURED_COMMENT::1 sequences do not include structured comments.
./example_phage_annotation/prokka_MG711464/MG711464:MG711464.1 (length 34075)

DiscRep_ALL:MISSING_PROJECT::43 sequences do not include project.
./example_phage_annotation/prokka_MG711464/MG711464:MG711464.1 (length 34075)
./example_phage_annotation/prokka_MG711464/MG711464:MG711464.1_1 (length 385)
./example_phage_annotation/prokka_MG711464/MG711464:MG711464.1_2 (length 302)
./example_phage_annotation/prokka_MG711464/MG711464:MG711464.1_3 (length 236)
./example_phage_annotation/prokka_MG711464/MG711464:MG711464.1_4 (length 64)
./example_phage_annotation/prokka_MG711464/MG711464:MG711464.1_5 (length 81)
./example_phage_annotation/prokka_MG711464/MG711464:MG711464.1_6 (length 85)
./example_phage_annotation/prokka_MG711464/MG711464:MG711464.1_7 (length 72)
./example_phage_annotation/prokka_MG711464/MG711464:MG711464.1_8 (length 93)
./example_phage_annotation/prokka_MG711464/MG711464:MG711464.1_9 (length 104)
./example_phage_annotation/prokka_MG711464/MG711464:MG711464.1_10 (length 487)
./example_phage_annotation/prokka_MG711464/MG711464:MG711464.1_11 (length 432)
./example_phage_annotation/prokka_MG711464/MG711464:MG711464.1_12 (length 357)
./example_phage_annotation/prokka_MG711464/MG711464:MG711464.1_13 (length 161)
./example_phage_annotation/prokka_MG711464/MG711464:MG711464.1_14 (length 542)
./example_phage_annotation/prokka_MG711464/MG711464:MG711464.1_15 (length 742)
./example_phage_annotation/prokka_MG711464/MG711464:MG711464.1_16 (length 141)
./example_phage_annotation/prokka_MG711464/MG711464:MG711464.1_17 (length 137)
./example_phage_annotation/prokka_MG711464/MG711464:MG711464.1_18 (length 164)
./example_phage_annotation/prokka_MG711464/MG711464:MG711464.1_19 (length 400)
./example_phage_annotation/prokka_MG711464/MG711464:MG711464.1_20 (length 475)
./example_phage_annotation/prokka_MG711464/MG711464:MG711464.1_21 (length 587)
./example_phage_annotation/prokka_MG711464/MG711464:MG711464.1_22 (length 66)
./example_phage_annotation/prokka_MG711464/MG711464:MG711464.1_23 (length 107)
./example_phage_annotation/prokka_MG711464/MG711464:MG711464.1_24 (length 179)
./example_phage_annotation/prokka_MG711464/MG711464:MG711464.1_25 (length 312)
./example_phage_annotation/prokka_MG711464/MG711464:MG711464.1_26 (length 127)
./example_phage_annotation/prokka_MG711464/MG711464:MG711464.1_27 (length 126)
./example_phage_annotation/prokka_MG711464/MG711464:MG711464.1_28 (length 152)
./example_phage_annotation/prokka_MG711464/MG711464:MG711464.1_29 (length 152)
./example_phage_annotation/prokka_MG711464/MG711464:MG711464.1_30 (length 170)
./example_phage_annotation/prokka_MG711464/MG711464:MG711464.1_31 (length 126)
./example_phage_annotation/prokka_MG711464/MG711464:MG711464.1_32 (length 206)
./example_phage_annotation/prokka_MG711464/MG711464:MG711464.1_33 (length 1084)
./example_phage_annotation/prokka_MG711464/MG711464:MG711464.1_34 (length 290)
./example_phage_annotation/prokka_MG711464/MG711464:MG711464.1_35 (length 335)
./example_phage_annotation/prokka_MG711464/MG711464:MG711464.1_36 (length 543)
./example_phage_annotation/prokka_MG711464/MG711464:MG711464.1_37 (length 150)
./example_phage_annotation/prokka_MG711464/MG711464:MG711464.1_38 (length 61)
./example_phage_annotation/prokka_MG711464/MG711464:MG711464.1_39 (length 216)
./example_phage_annotation/prokka_MG711464/MG711464:MG711464.1_40 (length 86)
./example_phage_annotation/prokka_MG711464/MG711464:MG711464.1_41 (length 94)
./example_phage_annotation/prokka_MG711464/MG711464:MG711464.1_42 (length 90)

DiscRep_ALL:DISC_INCONSISTENT_MOLINFO_TECH::Molinfo Technique Report (some missing, all same)
DiscRep_SUB:DISC_INCONSISTENT_MOLINFO_TECH::technique (all missing)
DiscRep_SUB:DISC_INCONSISTENT_MOLINFO_TECH::1 Molinfos are missing field technique
./example_phage_annotation/prokka_MG711464/MG711464:MG711464.1 (length 34075)

