[14:01:30] This is prokka 1.12
[14:01:30] Written by Torsten Seemann <torsten.seemann@gmail.com>
[14:01:30] Homepage is https://github.com/tseemann/prokka
[14:01:30] Local time is Thu Jun 13 14:01:30 2024
[14:01:30] You are TongqingWei
[14:01:30] Operating system is linux
[14:01:30] You have BioPerl 1.006924
[14:01:30] System has 40 cores.
[14:01:30] Will use maximum of 8 cores.
[14:01:30] Annotating as >>> Bacteria <<<
[14:01:30] Generating locus_tag from './example_phage/MG711464.1.fasta' contents.
[14:01:30] Setting --locustag OEGKHONN from MD5 8e0418772957a869175d25ceab4e33e4
[14:01:30] Creating new output folder: ./example_phage_annotation/prokka_MG711464
[14:01:30] Running: mkdir -p \.\/example_phage_annotation\/prokka_MG711464
[14:01:30] Using filename prefix: MG711464.XXX
[14:01:30] Setting HMMER_NCPU=1
[14:01:30] Writing log to: ./example_phage_annotation/prokka_MG711464/MG711464.log
[14:01:30] Command: /bios-store1/software/anaconda3/bin/prokka ./example_phage/MG711464.1.fasta --outdir ./example_phage_annotation/prokka_MG711464 --prefix MG711464
[14:01:30] Appending to PATH: /bios-store1/software/anaconda3/bin
[14:01:30] Looking for 'aragorn' - found /bios-store1/software/anaconda3/bin/aragorn
[14:01:30] Determined aragorn version is 1.2
[14:01:30] Looking for 'barrnap' - found /bios-store1/software/anaconda3/bin/barrnap
[14:01:30] Determined barrnap version is 0.9
[14:01:30] Looking for 'blastp' - found /bios-store1/software/anaconda3/bin/blastp
[14:01:30] Determined blastp version is 2.5
[14:01:30] Looking for 'cmpress' - found /bios-store1/software/anaconda3/bin/cmpress
[14:01:30] Determined cmpress version is 1.1
[14:01:30] Looking for 'cmscan' - found /bios-store1/software/anaconda3/bin/cmscan
[14:01:30] Determined cmscan version is 1.1
[14:01:30] Looking for 'egrep' - found /bios-store1/software/bin/egrep
[14:01:30] Looking for 'find' - found /usr/bin/find
[14:01:30] Looking for 'grep' - found /bios-store1/software/bin/grep
[14:01:30] Looking for 'hmmpress' - found /bios-store1/software/anaconda3/bin/hmmpress
[14:01:30] Determined hmmpress version is 3.3
[14:01:30] Looking for 'hmmscan' - found /bios-store1/software/anaconda3/bin/hmmscan
[14:01:30] Determined hmmscan version is 3.3
[14:01:30] Looking for 'java' - found /bios-store1/software/anaconda3/bin/java
[14:01:30] Looking for 'less' - found /usr/bin/less
[14:01:30] Looking for 'makeblastdb' - found /bios-store1/software/anaconda3/bin/makeblastdb
[14:01:30] Determined makeblastdb version is 2.5
[14:01:30] Looking for 'minced' - found /bios-store1/software/anaconda3/bin/minced
[14:01:30] Determined minced version is 4.2
[14:01:30] Looking for 'parallel' - found /bios-store1/software/anaconda3/bin/parallel
[14:01:31] Determined parallel version is 20170422
[14:01:31] Looking for 'prodigal' - found /bios-store1/software/anaconda3/bin/prodigal
[14:01:31] Determined prodigal version is 2.6
[14:01:31] Looking for 'prokka-genbank_to_fasta_db' - found /bios-store1/software/anaconda3/bin/prokka-genbank_to_fasta_db
[14:01:31] Looking for 'sed' - found /bios-store1/software/bin/sed
[14:01:31] Looking for 'tbl2asn' - found /bios-store1/software/anaconda3/bin/tbl2asn
[14:01:31] Determined tbl2asn version is 25.8
[14:01:31] Using genetic code table 11.
[14:01:31] Loading and checking input file: ./example_phage/MG711464.1.fasta
[14:01:31] Wrote 1 contigs totalling 34075 bp.
[14:01:31] Predicting tRNAs and tmRNAs
[14:01:31] Running: aragorn -l -gc11  -w \.\/example_phage_annotation\/prokka_MG711464\/MG711464\.fna
[14:01:31] 1 tRNA-Trp [20075,20150] 34 (cca)
[14:01:31] Found 1 tRNAs
[14:01:31] Predicting Ribosomal RNAs
[14:01:31] Running Barrnap with 8 threads
[14:01:31] Found 0 rRNAs
[14:01:31] Skipping ncRNA search, enable with --rfam if desired.
[14:01:31] Total of 1 tRNA + rRNA features
[14:01:31] Searching for CRISPR repeats
[14:01:31] Found 0 CRISPRs
[14:01:31] Predicting coding sequences
[14:01:31] Contigs total 34075 bp, so using meta mode
[14:01:31] Running: prodigal -i \.\/example_phage_annotation\/prokka_MG711464\/MG711464\.fna -c -m -g 11 -p meta -f sco -q
[14:01:32] Found 42 CDS
[14:01:32] Connecting features back to sequences
[14:01:32] Not using genus-specific database. Try --usegenus to enable it.
[14:01:32] Annotating CDS, please be patient.
[14:01:32] Will use 8 CPUs for similarity searching.
[14:01:32] There are still 42 unannotated CDS left (started with 42)
[14:01:32] Will use blast to search against /bios-store1/software/anaconda3/bin/../db/kingdom/Bacteria/sprot with 8 CPUs
[14:01:32] Running: cat \.\/example_phage_annotation\/prokka_MG711464\/sprot\.faa | parallel --gnu --plain -j 8 --block 682 --recstart '>' --pipe blastp -query - -db /bios-store1/software/anaconda3/bin/../db/kingdom/Bacteria/sprot -evalue 1e-06 -num_threads 1 -num_descriptions 1 -num_alignments 1 -seg no > \.\/example_phage_annotation\/prokka_MG711464\/sprot\.blast 2> /dev/null
[14:01:33] Deleting unwanted file: ./example_phage_annotation/prokka_MG711464/sprot.faa
[14:01:33] Deleting unwanted file: ./example_phage_annotation/prokka_MG711464/sprot.blast
[14:01:33] There are still 39 unannotated CDS left (started with 42)
[14:01:33] Will use hmmer3 to search against /bios-store1/software/anaconda3/bin/../db/hmm/HAMAP.hmm with 8 CPUs
[14:01:33] Running: cat \.\/example_phage_annotation\/prokka_MG711464\/HAMAP\.hmm\.faa | parallel --gnu --plain -j 8 --block 619 --recstart '>' --pipe hmmscan --noali --notextw --acc -E 1e-06 --cpu 1 /bios-store1/software/anaconda3/bin/../db/hmm/HAMAP.hmm /dev/stdin > \.\/example_phage_annotation\/prokka_MG711464\/HAMAP\.hmm\.hmmer3 2> /dev/null
[14:01:34] Deleting unwanted file: ./example_phage_annotation/prokka_MG711464/HAMAP.hmm.faa
[14:01:34] Deleting unwanted file: ./example_phage_annotation/prokka_MG711464/HAMAP.hmm.hmmer3
[14:01:34] Labelling remaining 37 proteins as 'hypothetical protein'
[14:01:34] Found 5 unique /gene codes.
[14:01:34] Fixed 0 colliding /gene names.
[14:01:34] Adding /locus_tag identifiers
[14:01:34] Assigned 43 locus_tags to CDS and RNA features.
[14:01:34] Writing outputs to ./example_phage_annotation/prokka_MG711464/
[14:01:34] Generating annotation statistics file
[14:01:34] Generating Genbank and Sequin files
[14:01:34] Running: tbl2asn -V b -a r10k -l paired-ends -M n -N 1 -y 'Annotated using prokka 1.12 from https://github.com/tseemann/prokka' -Z \.\/example_phage_annotation\/prokka_MG711464\/MG711464\.err -i \.\/example_phage_annotation\/prokka_MG711464\/MG711464\.fsa 2> /dev/null
[14:01:34] Deleting unwanted file: ./example_phage_annotation/prokka_MG711464/errorsummary.val
[14:01:34] Deleting unwanted file: ./example_phage_annotation/prokka_MG711464/MG711464.dr
[14:01:34] Deleting unwanted file: ./example_phage_annotation/prokka_MG711464/MG711464.fixedproducts
[14:01:34] Deleting unwanted file: ./example_phage_annotation/prokka_MG711464/MG711464.ecn
[14:01:34] Deleting unwanted file: ./example_phage_annotation/prokka_MG711464/MG711464.val
[14:01:34] Repairing broken .GBK output that tbl2asn produces...
[14:01:34] Running: sed 's/COORDINATES: profile/COORDINATES:profile/' < \.\/example_phage_annotation\/prokka_MG711464\/MG711464\.gbf > \.\/example_phage_annotation\/prokka_MG711464\/MG711464\.gbk
[14:01:34] Deleting unwanted file: ./example_phage_annotation/prokka_MG711464/MG711464.gbf
[14:01:34] Output files:
[14:01:34] ./example_phage_annotation/prokka_MG711464/MG711464.log
[14:01:34] ./example_phage_annotation/prokka_MG711464/MG711464.fna
[14:01:34] ./example_phage_annotation/prokka_MG711464/MG711464.gff
[14:01:34] ./example_phage_annotation/prokka_MG711464/MG711464.faa
[14:01:34] ./example_phage_annotation/prokka_MG711464/MG711464.ffn
[14:01:34] ./example_phage_annotation/prokka_MG711464/MG711464.tbl
[14:01:34] ./example_phage_annotation/prokka_MG711464/MG711464.fsa
[14:01:34] ./example_phage_annotation/prokka_MG711464/MG711464.tsv
[14:01:34] ./example_phage_annotation/prokka_MG711464/MG711464.txt
[14:01:34] ./example_phage_annotation/prokka_MG711464/MG711464.sqn
[14:01:34] ./example_phage_annotation/prokka_MG711464/MG711464.err
[14:01:34] ./example_phage_annotation/prokka_MG711464/MG711464.gbk
[14:01:34] Annotation finished successfully.
[14:01:34] Walltime used: 0.07 minutes
[14:01:34] If you use this result please cite the Prokka paper:
[14:01:34] Seemann T (2014) Prokka: rapid prokaryotic genome annotation. Bioinformatics. 30(14):2068-9.
[14:01:34] Type 'prokka --citation' for more details.
[14:01:34] Thank you, come again.
