[14:10:33] This is prokka 1.12
[14:10:33] Written by Torsten Seemann <torsten.seemann@gmail.com>
[14:10:33] Homepage is https://github.com/tseemann/prokka
[14:10:33] Local time is Thu Jun 13 14:10:33 2024
[14:10:33] You are TongqingWei
[14:10:33] Operating system is linux
[14:10:33] You have BioPerl 1.006924
[14:10:34] System has 40 cores.
[14:10:34] Will use maximum of 8 cores.
[14:10:34] Annotating as >>> Bacteria <<<
[14:10:34] Generating locus_tag from './example_host/NZ_DS483503.1.fasta' contents.
[14:10:34] Setting --locustag MCNONEBL from MD5 6c787eb56991724623e7748b3a21ce7e
[14:10:34] Creating new output folder: ./example_host_annotation/prokka_NZ_DS483503
[14:10:34] Running: mkdir -p \.\/example_host_annotation\/prokka_NZ_DS483503
[14:10:34] Using filename prefix: NZ_DS483503.XXX
[14:10:34] Setting HMMER_NCPU=1
[14:10:34] Writing log to: ./example_host_annotation/prokka_NZ_DS483503/NZ_DS483503.log
[14:10:34] Command: /bios-store1/software/anaconda3/bin/prokka ./example_host/NZ_DS483503.1.fasta --outdir ./example_host_annotation/prokka_NZ_DS483503 --prefix NZ_DS483503
[14:10:34] Appending to PATH: /bios-store1/software/anaconda3/bin
[14:10:34] Looking for 'aragorn' - found /bios-store1/software/anaconda3/bin/aragorn
[14:10:34] Determined aragorn version is 1.2
[14:10:34] Looking for 'barrnap' - found /bios-store1/software/anaconda3/bin/barrnap
[14:10:34] Determined barrnap version is 0.9
[14:10:34] Looking for 'blastp' - found /bios-store1/software/anaconda3/bin/blastp
[14:10:34] Determined blastp version is 2.5
[14:10:34] Looking for 'cmpress' - found /bios-store1/software/anaconda3/bin/cmpress
[14:10:34] Determined cmpress version is 1.1
[14:10:34] Looking for 'cmscan' - found /bios-store1/software/anaconda3/bin/cmscan
[14:10:34] Determined cmscan version is 1.1
[14:10:34] Looking for 'egrep' - found /bios-store1/software/bin/egrep
[14:10:34] Looking for 'find' - found /usr/bin/find
[14:10:34] Looking for 'grep' - found /bios-store1/software/bin/grep
[14:10:34] Looking for 'hmmpress' - found /bios-store1/software/anaconda3/bin/hmmpress
[14:10:34] Determined hmmpress version is 3.3
[14:10:34] Looking for 'hmmscan' - found /bios-store1/software/anaconda3/bin/hmmscan
[14:10:34] Determined hmmscan version is 3.3
[14:10:34] Looking for 'java' - found /bios-store1/software/anaconda3/bin/java
[14:10:34] Looking for 'less' - found /usr/bin/less
[14:10:34] Looking for 'makeblastdb' - found /bios-store1/software/anaconda3/bin/makeblastdb
[14:10:34] Determined makeblastdb version is 2.5
[14:10:34] Looking for 'minced' - found /bios-store1/software/anaconda3/bin/minced
[14:10:34] Determined minced version is 4.2
[14:10:34] Looking for 'parallel' - found /bios-store1/software/anaconda3/bin/parallel
[14:10:34] Determined parallel version is 20170422
[14:10:34] Looking for 'prodigal' - found /bios-store1/software/anaconda3/bin/prodigal
[14:10:34] Determined prodigal version is 2.6
[14:10:34] Looking for 'prokka-genbank_to_fasta_db' - found /bios-store1/software/anaconda3/bin/prokka-genbank_to_fasta_db
[14:10:34] Looking for 'sed' - found /bios-store1/software/bin/sed
[14:10:34] Looking for 'tbl2asn' - found /bios-store1/software/anaconda3/bin/tbl2asn
[14:10:34] Determined tbl2asn version is 25.8
[14:10:34] Using genetic code table 11.
[14:10:34] Loading and checking input file: ./example_host/NZ_DS483503.1.fasta
[14:10:34] Wrote 1 contigs totalling 999620 bp.
[14:10:34] Predicting tRNAs and tmRNAs
[14:10:34] Running: aragorn -l -gc11  -w \.\/example_host_annotation\/prokka_NZ_DS483503\/NZ_DS483503\.fna
[14:10:35] 1 tRNA-Ser [73815,73905] 36 (cga)
[14:10:35] 2 tRNA-Thr [105284,105359] 34 (cgt)
[14:10:35] 3 tRNA-Gly [328343,328418] 34 (ccc)
[14:10:35] 4 tRNA-Leu c[379202,379281] 34 (tag)
[14:10:35] 5 tRNA-Leu c[379320,379403] 35 (gag)
[14:10:35] 6 tRNA-Leu c[438998,439081] 35 (taa)
[14:10:35] 7 tRNA-Gln [450675,450748] 33 (ctg)
[14:10:35] 8 tmRNA c[467738,468088] 92,124 DNNNYQLLAA*
[14:10:35] 9 tRNA-Gly c[491004,491078] 34 (tcc)
[14:10:35] 10 tRNA-Ala c[491198,491273] 34 (ggc)
[14:10:35] 11 tRNA-Asn [495245,495321] 35 (gtt)
[14:10:35] 12 tRNA-His c[648898,648974] 35 (gtg)
[14:10:35] 13 tRNA-Arg c[648981,649057] 36 (tct)
[14:10:35] 14 tRNA-Leu c[693517,693596] 34 (caa)
[14:10:35] 15 tRNA-Leu [728565,728651] 35 (cag)
[14:10:35] Found 15 tRNAs
[14:10:35] Predicting Ribosomal RNAs
[14:10:35] Running Barrnap with 8 threads
[14:10:35] 1 NZ_DS483503.1 84790 16S ribosomal RNA
[14:10:35] 2 NZ_DS483503.1 86572 23S ribosomal RNA
[14:10:35] 3 NZ_DS483503.1 89534 5S ribosomal RNA
[14:10:35] Found 3 rRNAs
[14:10:35] Skipping ncRNA search, enable with --rfam if desired.
[14:10:35] Total of 17 tRNA + rRNA features
[14:10:35] Searching for CRISPR repeats
[14:10:36] Found 0 CRISPRs
[14:10:36] Predicting coding sequences
[14:10:36] Contigs total 999620 bp, so using single mode
[14:10:36] Running: prodigal -i \.\/example_host_annotation\/prokka_NZ_DS483503\/NZ_DS483503\.fna -c -m -g 11 -p single -f sco -q
[14:10:38] Found 927 CDS
[14:10:38] Connecting features back to sequences
[14:10:38] Not using genus-specific database. Try --usegenus to enable it.
[14:10:38] Annotating CDS, please be patient.
[14:10:38] Will use 8 CPUs for similarity searching.
[14:10:39] There are still 927 unannotated CDS left (started with 927)
[14:10:39] Will use blast to search against /bios-store1/software/anaconda3/bin/../db/kingdom/Bacteria/sprot with 8 CPUs
[14:10:39] Running: cat \.\/example_host_annotation\/prokka_NZ_DS483503\/sprot\.faa | parallel --gnu --plain -j 8 --block 18628 --recstart '>' --pipe blastp -query - -db /bios-store1/software/anaconda3/bin/../db/kingdom/Bacteria/sprot -evalue 1e-06 -num_threads 1 -num_descriptions 1 -num_alignments 1 -seg no > \.\/example_host_annotation\/prokka_NZ_DS483503\/sprot\.blast 2> /dev/null
[14:10:48] Modify product: Putative aminotransferase MSMEG_6286/MSMEI_6121 => Putative aminotransferase/MSMEI_6121
[14:10:48] Modify product: Probable type I restriction enzyme BthVORF4518P M protein => putative type I restriction enzymeP M protein
[14:10:48] Modify product: Probable xanthine dehydrogenase subunit A => putative xanthine dehydrogenase subunit A
[14:10:49] Modify product: N utilization substance protein B homolog => N utilization substance protein B 
[14:10:49] Modify product: Probable dual-specificity RNA methyltransferase RlmN => putative dual-specificity RNA methyltransferase RlmN
[14:10:49] Modify product: Uncharacterized AAA domain-containing protein Rv2559c => putative AAA domain-containing protein
[14:10:49] Modify product: Uncharacterized peptidase Lmo0363 => putative peptidase
[14:10:49] Modify product: Probable transcriptional regulatory protein pdtaR => putative transcriptional regulatory protein pdtaR
[14:10:49] Modify product: Uncharacterized signaling protein CC_0091 => putative signaling protein
[14:10:49] Modify product: Probable M18 family aminopeptidase 1 => putative M18 family aminopeptidase 1
[14:10:49] Modify product: Uncharacterized sugar transferase EpsL => putative sugar transferase EpsL
[14:10:49] Modify product: Uncharacterized ABC transporter ATP-binding protein YxlF => putative ABC transporter ATP-binding protein YxlF
[14:10:49] Modify product: Uncharacterized glycosyltransferase EpsJ => putative glycosyltransferase EpsJ
[14:10:49] Modify product: Uncharacterized glycosyltransferase EpsJ => putative glycosyltransferase EpsJ
[14:10:49] Modify product: Putative acetyltransferase SA2342 => Putative acetyltransferase
[14:10:49] Modify product: Uncharacterized protease YdcP => putative protease YdcP
[14:10:49] Modify product: Uncharacterized HTH-type transcriptional regulator YurK => putative HTH-type transcriptional regulator YurK
[14:10:49] Modify product: Uncharacterized spore protein YtfJ => putative spore protein YtfJ
[14:10:49] Modify product: Probable copper-importing P-type ATPase A => putative copper-importing P-type ATPase A
[14:10:49] Modify product: Probable cobalt-factor III C(17)-methyltransferase => putative cobalt-factor III C(17)-methyltransferase
[14:10:49] Modify product: Probable cardiolipin synthase YwiE => putative cardiolipin synthase YwiE
[14:10:49] Modify product: DegV domain-containing protein SA1258 => DegV domain-containing protein
[14:10:49] Modify product: Nucleoid-associated protein Cthe_2143 => Nucleoid-associated protein
[14:10:49] Modify product: Bifunctional protein FolD => Bifunctional protein FolD protein
[14:10:49] Modify product: Probable FMN/FAD exporter YeeO => putative FMN/FAD exporter YeeO
[14:10:49] Modify product: Ribonuclease TTHA0252 => Ribonuclease
[14:10:49] Modify product: GTP-binding protein TypA/BipA homolog => GTP-binding protein TypA/BipA 
[14:10:49] Modify product: Phosphorylated carbohydrates phosphatase TM_1254 => Phosphorylated carbohydrates phosphatase
[14:10:49] Modify product: Probable endopeptidase p60 => putative endopeptidase p60
[14:10:49] Modify product: Uncharacterized ABC transporter ATP-binding protein YxlF => putative ABC transporter ATP-binding protein YxlF
[14:10:49] Modify product: Iron-sulfur flavoprotein CD630_04720 => Iron-sulfur flavoprotein
[14:10:49] Modify product: Probable type I restriction enzyme BthVORF4518P M protein => putative type I restriction enzymeP M protein
[14:10:49] Modify product: Probable transcription repressor NiaR => putative transcription repressor NiaR
[14:10:49] Modify product: Uncharacterized signaling protein CC_0091 => putative signaling protein
[14:10:49] Modify product: Uncharacterized GTP-binding protein YjiA => putative GTP-binding protein YjiA
[14:10:49] Modify product: Probable polyketide biosynthesis zinc-dependent hydrolase BaeB => putative polyketide biosynthesis zinc-dependent hydrolase BaeB
[14:10:49] Modify product: Uncharacterized ABC transporter ATP-binding protein Rv0986 => putative ABC transporter ATP-binding protein
[14:10:49] Modify product: Purine-binding protein BAB2_0673 => Purine-binding protein
[14:10:49] Modify product: 1,3-beta-galactosyl-N-acetylhexosamine phosphorylase Cphy0577 => 1,3-beta-galactosyl-N-acetylhexosamine phosphorylase
[14:10:49] Modify product: Uncharacterized multiple-sugar transport system permease YteP => putative multiple-sugar transport system permease YteP
[14:10:49] Modify product: Uncharacterized oxidoreductase MSMEG_2408/MSMEI_2347 => putative oxidoreductase/MSMEI_2347
[14:10:49] Modify product: Uncharacterized ABC transporter ATP-binding protein TM_0288 => putative ABC transporter ATP-binding protein
[14:10:49] Modify product: Probable sensor histidine kinase TcrY => putative sensor histidine kinase TcrY
[14:10:49] Modify product: Probable endopeptidase p60 => putative endopeptidase p60
[14:10:49] Modify product: Probable manganese/zinc-exporting P-type ATPase => putative manganese/zinc-exporting P-type ATPase
[14:10:49] Modify product: Putative DD-carboxypeptidase TP_0574 => Putative DD-carboxypeptidase
[14:10:49] Modify product: Probable FMN/FAD exporter YeeO => putative FMN/FAD exporter YeeO
[14:10:49] Modify product: Probable endonuclease 4 => putative endonuclease 4
[14:10:49] Modify product: Probable tRNA sulfurtransferase => putative tRNA sulfurtransferase
[14:10:49] Cleaned 49 /product names
[14:10:49] Deleting unwanted file: ./example_host_annotation/prokka_NZ_DS483503/sprot.faa
[14:10:49] Deleting unwanted file: ./example_host_annotation/prokka_NZ_DS483503/sprot.blast
[14:10:49] There are still 443 unannotated CDS left (started with 927)
[14:10:49] Will use hmmer3 to search against /bios-store1/software/anaconda3/bin/../db/hmm/HAMAP.hmm with 8 CPUs
[14:10:49] Running: cat \.\/example_host_annotation\/prokka_NZ_DS483503\/HAMAP\.hmm\.faa | parallel --gnu --plain -j 8 --block 7124 --recstart '>' --pipe hmmscan --noali --notextw --acc -E 1e-06 --cpu 1 /bios-store1/software/anaconda3/bin/../db/hmm/HAMAP.hmm /dev/stdin > \.\/example_host_annotation\/prokka_NZ_DS483503\/HAMAP\.hmm\.hmmer3 2> /dev/null
[14:10:56] Deleting unwanted file: ./example_host_annotation/prokka_NZ_DS483503/HAMAP.hmm.faa
[14:10:56] Deleting unwanted file: ./example_host_annotation/prokka_NZ_DS483503/HAMAP.hmm.hmmer3
[14:10:56] Labelling remaining 429 proteins as 'hypothetical protein'
[14:10:56] Possible /pseudo 'Putative lipoprotein YerB' at NZ_DS483503.1 position 67204
[14:10:56] Possible /pseudo 'Glutamine synthetase' at NZ_DS483503.1 position 373236
[14:10:56] Possible /pseudo 'Chromate transport protein' at NZ_DS483503.1 position 396945
[14:10:56] Possible /pseudo 'putative glycosyltransferase EpsJ' at NZ_DS483503.1 position 421067
[14:10:56] Found 416 unique /gene codes.
[14:10:56] Fixed 2 duplicate /gene - rpsA_1 rpsA_2
[14:10:56] Fixed 2 duplicate /gene - patA_1 patA_2
[14:10:56] Fixed 3 duplicate /gene - xerC_1 xerC_2 xerC_3
[14:10:56] Fixed 2 duplicate /gene - capD_1 capD_2
[14:10:56] Fixed 2 duplicate /gene - wbpI_1 wbpI_2
[14:10:56] Fixed 2 duplicate /gene - iscS_1 iscS_2
[14:10:56] Fixed 2 duplicate /gene - wbjC_1 wbjC_2
[14:10:56] Fixed 2 duplicate /gene - yfkN_1 yfkN_2
[14:10:56] Fixed 2 duplicate /gene - gpr_1 gpr_2
[14:10:56] Fixed 2 duplicate /gene - hsdR_1 hsdR_2
[14:10:56] Fixed 2 duplicate /gene - topB_1 topB_2
[14:10:56] Fixed 2 duplicate /gene - iap_1 iap_2
[14:10:56] Fixed 2 duplicate /gene - yxlF_1 yxlF_2
[14:10:56] Fixed 3 duplicate /gene - mobA_1 mobA_2 mobA_3
[14:10:56] Fixed 2 duplicate /gene - tig_1 tig_2
[14:10:56] Fixed 2 duplicate /gene - mazF_1 mazF_2
[14:10:56] Fixed 2 duplicate /gene - xerD_1 xerD_2
[14:10:56] Fixed 3 duplicate /gene - spo0C_1 spo0C_2 spo0C_3
[14:10:56] Fixed 2 duplicate /gene - xre_1 xre_2
[14:10:56] Fixed 2 duplicate /gene - radA_1 radA_2
[14:10:56] Fixed 2 duplicate /gene - mutS_1 mutS_2
[14:10:56] Fixed 2 duplicate /gene - adaA_1 adaA_2
[14:10:56] Fixed 2 duplicate /gene - cobD_1 cobD_2
[14:10:56] Fixed 2 duplicate /gene - Int-Tn_1 Int-Tn_2
[14:10:56] Fixed 2 duplicate /gene - yeeO_1 yeeO_2
[14:10:56] Fixed 3 duplicate /gene - axeA1_1 axeA1_2 axeA1_3
[14:10:56] Fixed 2 duplicate /gene - lytR_1 lytR_2
[14:10:56] Fixed 2 duplicate /gene - rmlD_1 rmlD_2
[14:10:56] Fixed 2 duplicate /gene - yerB_1 yerB_2
[14:10:56] Fixed 4 duplicate /gene - immR_1 immR_2 immR_3 immR_4
[14:10:56] Fixed 2 duplicate /gene - glmM_1 glmM_2
[14:10:56] Fixed 2 duplicate /gene - epsJ_1 epsJ_2
[14:10:56] Fixed 2 duplicate /gene - glnA_1 glnA_2
[14:10:56] Fixed 3 duplicate /gene - dnaG_1 dnaG_2 dnaG_3
[14:10:56] Fixed 3 duplicate /gene - mepA_1 mepA_2 mepA_3
[14:10:56] Fixed 35 colliding /gene names.
[14:10:56] Adding /locus_tag identifiers
[14:10:56] Assigned 945 locus_tags to CDS and RNA features.
[14:10:56] Writing outputs to ./example_host_annotation/prokka_NZ_DS483503/
[14:10:57] Generating annotation statistics file
[14:10:57] Generating Genbank and Sequin files
[14:10:57] Running: tbl2asn -V b -a r10k -l paired-ends -M n -N 1 -y 'Annotated using prokka 1.12 from https://github.com/tseemann/prokka' -Z \.\/example_host_annotation\/prokka_NZ_DS483503\/NZ_DS483503\.err -i \.\/example_host_annotation\/prokka_NZ_DS483503\/NZ_DS483503\.fsa 2> /dev/null
[14:10:58] Deleting unwanted file: ./example_host_annotation/prokka_NZ_DS483503/errorsummary.val
[14:10:58] Deleting unwanted file: ./example_host_annotation/prokka_NZ_DS483503/NZ_DS483503.dr
[14:10:58] Deleting unwanted file: ./example_host_annotation/prokka_NZ_DS483503/NZ_DS483503.fixedproducts
[14:10:58] Deleting unwanted file: ./example_host_annotation/prokka_NZ_DS483503/NZ_DS483503.ecn
[14:10:58] Deleting unwanted file: ./example_host_annotation/prokka_NZ_DS483503/NZ_DS483503.val
[14:10:58] Repairing broken .GBK output that tbl2asn produces...
[14:10:58] Running: sed 's/COORDINATES: profile/COORDINATES:profile/' < \.\/example_host_annotation\/prokka_NZ_DS483503\/NZ_DS483503\.gbf > \.\/example_host_annotation\/prokka_NZ_DS483503\/NZ_DS483503\.gbk
[14:10:58] Deleting unwanted file: ./example_host_annotation/prokka_NZ_DS483503/NZ_DS483503.gbf
[14:10:58] Output files:
[14:10:58] ./example_host_annotation/prokka_NZ_DS483503/NZ_DS483503.log
[14:10:58] ./example_host_annotation/prokka_NZ_DS483503/NZ_DS483503.fna
[14:10:58] ./example_host_annotation/prokka_NZ_DS483503/NZ_DS483503.gff
[14:10:58] ./example_host_annotation/prokka_NZ_DS483503/NZ_DS483503.faa
[14:10:58] ./example_host_annotation/prokka_NZ_DS483503/NZ_DS483503.ffn
[14:10:58] ./example_host_annotation/prokka_NZ_DS483503/NZ_DS483503.tbl
[14:10:58] ./example_host_annotation/prokka_NZ_DS483503/NZ_DS483503.fsa
[14:10:58] ./example_host_annotation/prokka_NZ_DS483503/NZ_DS483503.tsv
[14:10:58] ./example_host_annotation/prokka_NZ_DS483503/NZ_DS483503.txt
[14:10:58] ./example_host_annotation/prokka_NZ_DS483503/NZ_DS483503.sqn
[14:10:58] ./example_host_annotation/prokka_NZ_DS483503/NZ_DS483503.err
[14:10:58] ./example_host_annotation/prokka_NZ_DS483503/NZ_DS483503.gbk
[14:10:58] Annotation finished successfully.
[14:10:58] Walltime used: 0.42 minutes
[14:10:58] If you use this result please cite the Prokka paper:
[14:10:58] Seemann T (2014) Prokka: rapid prokaryotic genome annotation. Bioinformatics. 30(14):2068-9.
[14:10:58] Type 'prokka --citation' for more details.
[14:10:58] Share and enjoy!
