[14:01:25] This is prokka 1.12
[14:01:25] Written by Torsten Seemann <torsten.seemann@gmail.com>
[14:01:25] Homepage is https://github.com/tseemann/prokka
[14:01:25] Local time is Thu Jun 13 14:01:25 2024
[14:01:25] You are TongqingWei
[14:01:25] Operating system is linux
[14:01:25] You have BioPerl 1.006924
[14:01:25] System has 40 cores.
[14:01:25] Will use maximum of 8 cores.
[14:01:25] Annotating as >>> Bacteria <<<
[14:01:25] Generating locus_tag from './example_phage/MG711462.1.fasta' contents.
[14:01:25] Setting --locustag BHLKNCBD from MD5 b1547cbd93231d116139be5f50296d8f
[14:01:25] Creating new output folder: ./example_phage_annotation/prokka_MG711462
[14:01:25] Running: mkdir -p \.\/example_phage_annotation\/prokka_MG711462
[14:01:25] Using filename prefix: MG711462.XXX
[14:01:25] Setting HMMER_NCPU=1
[14:01:25] Writing log to: ./example_phage_annotation/prokka_MG711462/MG711462.log
[14:01:25] Command: /bios-store1/software/anaconda3/bin/prokka ./example_phage/MG711462.1.fasta --outdir ./example_phage_annotation/prokka_MG711462 --prefix MG711462
[14:01:25] Appending to PATH: /bios-store1/software/anaconda3/bin
[14:01:25] Looking for 'aragorn' - found /bios-store1/software/anaconda3/bin/aragorn
[14:01:25] Determined aragorn version is 1.2
[14:01:25] Looking for 'barrnap' - found /bios-store1/software/anaconda3/bin/barrnap
[14:01:25] Determined barrnap version is 0.9
[14:01:25] Looking for 'blastp' - found /bios-store1/software/anaconda3/bin/blastp
[14:01:25] Determined blastp version is 2.5
[14:01:25] Looking for 'cmpress' - found /bios-store1/software/anaconda3/bin/cmpress
[14:01:25] Determined cmpress version is 1.1
[14:01:25] Looking for 'cmscan' - found /bios-store1/software/anaconda3/bin/cmscan
[14:01:25] Determined cmscan version is 1.1
[14:01:25] Looking for 'egrep' - found /bios-store1/software/bin/egrep
[14:01:25] Looking for 'find' - found /usr/bin/find
[14:01:25] Looking for 'grep' - found /bios-store1/software/bin/grep
[14:01:25] Looking for 'hmmpress' - found /bios-store1/software/anaconda3/bin/hmmpress
[14:01:25] Determined hmmpress version is 3.3
[14:01:25] Looking for 'hmmscan' - found /bios-store1/software/anaconda3/bin/hmmscan
[14:01:25] Determined hmmscan version is 3.3
[14:01:25] Looking for 'java' - found /bios-store1/software/anaconda3/bin/java
[14:01:25] Looking for 'less' - found /usr/bin/less
[14:01:25] Looking for 'makeblastdb' - found /bios-store1/software/anaconda3/bin/makeblastdb
[14:01:25] Determined makeblastdb version is 2.5
[14:01:25] Looking for 'minced' - found /bios-store1/software/anaconda3/bin/minced
[14:01:25] Determined minced version is 4.2
[14:01:25] Looking for 'parallel' - found /bios-store1/software/anaconda3/bin/parallel
[14:01:26] Determined parallel version is 20170422
[14:01:26] Looking for 'prodigal' - found /bios-store1/software/anaconda3/bin/prodigal
[14:01:26] Determined prodigal version is 2.6
[14:01:26] Looking for 'prokka-genbank_to_fasta_db' - found /bios-store1/software/anaconda3/bin/prokka-genbank_to_fasta_db
[14:01:26] Looking for 'sed' - found /bios-store1/software/bin/sed
[14:01:26] Looking for 'tbl2asn' - found /bios-store1/software/anaconda3/bin/tbl2asn
[14:01:26] Determined tbl2asn version is 25.8
[14:01:26] Using genetic code table 11.
[14:01:26] Loading and checking input file: ./example_phage/MG711462.1.fasta
[14:01:26] Wrote 1 contigs totalling 49573 bp.
[14:01:26] Predicting tRNAs and tmRNAs
[14:01:26] Running: aragorn -l -gc11  -w \.\/example_phage_annotation\/prokka_MG711462\/MG711462\.fna
[14:01:26] Found 0 tRNAs
[14:01:26] Predicting Ribosomal RNAs
[14:01:26] Running Barrnap with 8 threads
[14:01:26] Found 0 rRNAs
[14:01:26] Skipping ncRNA search, enable with --rfam if desired.
[14:01:26] Total of 0 tRNA + rRNA features
[14:01:26] Searching for CRISPR repeats
[14:01:26] Found 0 CRISPRs
[14:01:26] Predicting coding sequences
[14:01:26] Contigs total 49573 bp, so using meta mode
[14:01:26] Running: prodigal -i \.\/example_phage_annotation\/prokka_MG711462\/MG711462\.fna -c -m -g 11 -p meta -f sco -q
[14:01:27] Found 75 CDS
[14:01:27] Connecting features back to sequences
[14:01:27] Not using genus-specific database. Try --usegenus to enable it.
[14:01:27] Annotating CDS, please be patient.
[14:01:27] Will use 8 CPUs for similarity searching.
[14:01:27] There are still 75 unannotated CDS left (started with 75)
[14:01:27] Will use blast to search against /bios-store1/software/anaconda3/bin/../db/kingdom/Bacteria/sprot with 8 CPUs
[14:01:27] Running: cat \.\/example_phage_annotation\/prokka_MG711462\/sprot\.faa | parallel --gnu --plain -j 8 --block 970 --recstart '>' --pipe blastp -query - -db /bios-store1/software/anaconda3/bin/../db/kingdom/Bacteria/sprot -evalue 1e-06 -num_threads 1 -num_descriptions 1 -num_alignments 1 -seg no > \.\/example_phage_annotation\/prokka_MG711462\/sprot\.blast 2> /dev/null
[14:01:28] Deleting unwanted file: ./example_phage_annotation/prokka_MG711462/sprot.faa
[14:01:28] Deleting unwanted file: ./example_phage_annotation/prokka_MG711462/sprot.blast
[14:01:28] There are still 71 unannotated CDS left (started with 75)
[14:01:28] Will use hmmer3 to search against /bios-store1/software/anaconda3/bin/../db/hmm/HAMAP.hmm with 8 CPUs
[14:01:28] Running: cat \.\/example_phage_annotation\/prokka_MG711462\/HAMAP\.hmm\.faa | parallel --gnu --plain -j 8 --block 838 --recstart '>' --pipe hmmscan --noali --notextw --acc -E 1e-06 --cpu 1 /bios-store1/software/anaconda3/bin/../db/hmm/HAMAP.hmm /dev/stdin > \.\/example_phage_annotation\/prokka_MG711462\/HAMAP\.hmm\.hmmer3 2> /dev/null
[14:01:30] Deleting unwanted file: ./example_phage_annotation/prokka_MG711462/HAMAP.hmm.faa
[14:01:30] Deleting unwanted file: ./example_phage_annotation/prokka_MG711462/HAMAP.hmm.hmmer3
[14:01:30] Labelling remaining 70 proteins as 'hypothetical protein'
[14:01:30] Found 5 unique /gene codes.
[14:01:30] Fixed 0 colliding /gene names.
[14:01:30] Adding /locus_tag identifiers
[14:01:30] Assigned 75 locus_tags to CDS and RNA features.
[14:01:30] Writing outputs to ./example_phage_annotation/prokka_MG711462/
[14:01:30] Generating annotation statistics file
[14:01:30] Generating Genbank and Sequin files
[14:01:30] Running: tbl2asn -V b -a r10k -l paired-ends -M n -N 1 -y 'Annotated using prokka 1.12 from https://github.com/tseemann/prokka' -Z \.\/example_phage_annotation\/prokka_MG711462\/MG711462\.err -i \.\/example_phage_annotation\/prokka_MG711462\/MG711462\.fsa 2> /dev/null
[14:01:30] Deleting unwanted file: ./example_phage_annotation/prokka_MG711462/errorsummary.val
[14:01:30] Deleting unwanted file: ./example_phage_annotation/prokka_MG711462/MG711462.dr
[14:01:30] Deleting unwanted file: ./example_phage_annotation/prokka_MG711462/MG711462.fixedproducts
[14:01:30] Deleting unwanted file: ./example_phage_annotation/prokka_MG711462/MG711462.ecn
[14:01:30] Deleting unwanted file: ./example_phage_annotation/prokka_MG711462/MG711462.val
[14:01:30] Repairing broken .GBK output that tbl2asn produces...
[14:01:30] Running: sed 's/COORDINATES: profile/COORDINATES:profile/' < \.\/example_phage_annotation\/prokka_MG711462\/MG711462\.gbf > \.\/example_phage_annotation\/prokka_MG711462\/MG711462\.gbk
[14:01:30] Deleting unwanted file: ./example_phage_annotation/prokka_MG711462/MG711462.gbf
[14:01:30] Output files:
[14:01:30] ./example_phage_annotation/prokka_MG711462/MG711462.log
[14:01:30] ./example_phage_annotation/prokka_MG711462/MG711462.fna
[14:01:30] ./example_phage_annotation/prokka_MG711462/MG711462.gff
[14:01:30] ./example_phage_annotation/prokka_MG711462/MG711462.faa
[14:01:30] ./example_phage_annotation/prokka_MG711462/MG711462.ffn
[14:01:30] ./example_phage_annotation/prokka_MG711462/MG711462.tbl
[14:01:30] ./example_phage_annotation/prokka_MG711462/MG711462.fsa
[14:01:30] ./example_phage_annotation/prokka_MG711462/MG711462.tsv
[14:01:30] ./example_phage_annotation/prokka_MG711462/MG711462.txt
[14:01:30] ./example_phage_annotation/prokka_MG711462/MG711462.sqn
[14:01:30] ./example_phage_annotation/prokka_MG711462/MG711462.err
[14:01:30] ./example_phage_annotation/prokka_MG711462/MG711462.gbk
[14:01:30] Annotation finished successfully.
[14:01:30] Walltime used: 0.08 minutes
[14:01:30] If you use this result please cite the Prokka paper:
[14:01:30] Seemann T (2014) Prokka: rapid prokaryotic genome annotation. Bioinformatics. 30(14):2068-9.
[14:01:30] Type 'prokka --citation' for more details.
[14:01:30] Share and enjoy!
